<?xml version="1.0" encoding="UTF-8"?>
<testsuite xmlns:xsi="http://www.w3.org/2001/XMLSchema-instance" xsi:noNamespaceSchemaLocation="https://maven.apache.org/surefire/maven-surefire-plugin/xsd/surefire-test-report-3.0.xsd" version="3.0" name="de.ssherlock.load_tests.MainLoadTest" time="3.577" tests="1" errors="0" skipped="0" failures="1">
  <properties>
[...]
</properties>
  <testcase name="load" classname="de.ssherlock.load_tests.MainLoadTest" time="3.558">
    <failure message="class de.ssherlock.load_tests.MainLoadTest#public void de.ssherlock.load_tests.MainLoadTest.load()" type="org.opentest4j.AssertionFailedError"><![CDATA[org.opentest4j.AssertionFailedError: class de.ssherlock.load_tests.MainLoadTest#public void de.ssherlock.load_tests.MainLoadTest.load()
	at org.jsmart.zerocode.jupiter.extension.ParallelLoadExtension.failTest(ParallelLoadExtension.java:85)
	at org.jsmart.zerocode.jupiter.extension.ParallelLoadExtension.beforeEach(ParallelLoadExtension.java:70)
	at java.base/java.util.ArrayList.forEach(ArrayList.java:1596)
	at java.base/java.util.ArrayList.forEach(ArrayList.java:1596)
Caused by: java.lang.RuntimeException: de.ssherlock.load_tests.MainLoadTest with load/stress test(s): public void de.ssherlock.load_tests.MainLoadTest.load() have Failed
	... 4 more
]]></failure>
    <system-out><![CDATA[19:24:12,181 |-INFO in ch.qos.logback.classic.LoggerContext[default] - Could NOT find resource [logback.groovy]
19:24:12,181 |-INFO in ch.qos.logback.classic.LoggerContext[default] - Could NOT find resource [logback-test.xml]
19:24:12,181 |-INFO in ch.qos.logback.classic.LoggerContext[default] - Found resource [logback.xml] at [jar:file:/Users/harounalswedany/.m2/repository/org/jsmart/zerocode-tdd-jupiter/1.3.35/zerocode-tdd-jupiter-1.3.35.jar!/logback.xml]
19:24:12,181 |-WARN in ch.qos.logback.classic.LoggerContext[default] - Resource [logback.xml] occurs multiple times on the classpath.
19:24:12,181 |-WARN in ch.qos.logback.classic.LoggerContext[default] - Resource [logback.xml] occurs at [jar:file:/Users/harounalswedany/.m2/repository/org/jsmart/zerocode-tdd-jupiter/1.3.35/zerocode-tdd-jupiter-1.3.35.jar!/logback.xml]
19:24:12,181 |-WARN in ch.qos.logback.classic.LoggerContext[default] - Resource [logback.xml] occurs at [jar:file:/Users/harounalswedany/.m2/repository/org/jsmart/zerocode-tdd/1.3.35/zerocode-tdd-1.3.35.jar!/logback.xml]
19:24:12,189 |-INFO in ch.qos.logback.core.joran.spi.ConfigurationWatchList@1db0ec27 - URL [jar:file:/Users/harounalswedany/.m2/repository/org/jsmart/zerocode-tdd-jupiter/1.3.35/zerocode-tdd-jupiter-1.3.35.jar!/logback.xml] is not of type file
19:24:12,212 |-INFO in ch.qos.logback.classic.joran.action.ConfigurationAction - debug attribute not set
19:24:12,212 |-INFO in ch.qos.logback.core.joran.action.AppenderAction - About to instantiate appender of type [ch.qos.logback.core.FileAppender]
19:24:12,215 |-INFO in ch.qos.logback.core.joran.action.AppenderAction - Naming appender as [fileAppender]
19:24:12,227 |-INFO in ch.qos.logback.core.joran.action.NestedComplexPropertyIA - Assuming default type [ch.qos.logback.classic.encoder.PatternLayoutEncoder] for [encoder] property
19:24:12,269 |-INFO in ch.qos.logback.core.FileAppender[fileAppender] - File property is set to [target/logs/your_app_tests_logs.log]
19:24:12,269 |-INFO in ch.qos.logback.core.joran.action.AppenderAction - About to instantiate appender of type [ch.qos.logback.core.ConsoleAppender]
19:24:12,270 |-INFO in ch.qos.logback.core.joran.action.AppenderAction - Naming appender as [consoleAppender]
19:24:12,274 |-WARN in ch.qos.logback.core.ConsoleAppender[consoleAppender] - This appender no longer admits a layout as a sub-component, set an encoder instead.
19:24:12,274 |-WARN in ch.qos.logback.core.ConsoleAppender[consoleAppender] - To ensure compatibility, wrapping your layout in LayoutWrappingEncoder.
19:24:12,274 |-WARN in ch.qos.logback.core.ConsoleAppender[consoleAppender] - See also http://logback.qos.ch/codes.html#layoutInsteadOfEncoder for details
19:24:12,274 |-INFO in ch.qos.logback.classic.joran.action.RootLoggerAction - Setting level of ROOT logger to INFO
19:24:12,274 |-INFO in ch.qos.logback.core.joran.action.AppenderRefAction - Attaching appender named [fileAppender] to Logger[ROOT]
19:24:12,274 |-INFO in ch.qos.logback.core.joran.action.AppenderRefAction - Attaching appender named [consoleAppender] to Logger[ROOT]
19:24:12,274 |-INFO in ch.qos.logback.classic.joran.action.ConfigurationAction - End of configuration.
19:24:12,275 |-INFO in ch.qos.logback.classic.joran.JoranConfigurator@3d9fc57a - Registering current configuration as safe fallback point

2024-01-25 19:24:12,449 [main] WARN  org.jsmart.zerocode.parallel.ExecutorServiceRunner - 
LOAD:
-----------------------------------
   ### numberOfThreads : 50
   ### rampUpPeriodInSeconds : 0
   ### loopCount : 5
-----------------------------------

2024-01-25 19:24:12,491 [pool-3-thread-6] INFO  org.jsmart.zerocode.jupiter.listener.ZeroCodeTestReportJupiterListener - JUnit5 *requestTimeStamp:2024-01-25T19:24:12.491059, 
JUnit Request:
--------- TEST-STEP-CORRELATION-ID: 1c6eff7c-7da2-489e-b1cb-1f725bdfac66 ---------
2024-01-25 19:24:12,491 [pool-3-thread-48] INFO  org.jsmart.zerocode.jupiter.listener.ZeroCodeTestReportJupiterListener - JUnit5 *requestTimeStamp:2024-01-25T19:24:12.491114, 
JUnit Request:
--------- TEST-STEP-CORRELATION-ID: 899bd721-f486-40aa-9aab-8c4c7de3b245 ---------
2024-01-25 19:24:12,491 [pool-3-thread-37] INFO  org.jsmart.zerocode.jupiter.listener.ZeroCodeTestReportJupiterListener - JUnit5 *requestTimeStamp:2024-01-25T19:24:12.491244, 
JUnit Request:
--------- TEST-STEP-CORRELATION-ID: 4b88ab55-c240-4080-8537-447c007b157e ---------
2024-01-25 19:24:12,491 [pool-3-thread-29] INFO  org.jsmart.zerocode.jupiter.listener.ZeroCodeTestReportJupiterListener - JUnit5 *requestTimeStamp:2024-01-25T19:24:12.491614, 
JUnit Request:
--------- TEST-STEP-CORRELATION-ID: 1c91f0f9-504c-4d94-950f-fef61516ef36 ---------
2024-01-25 19:24:12,491 [pool-3-thread-46] INFO  org.jsmart.zerocode.jupiter.listener.ZeroCodeTestReportJupiterListener - JUnit5 *requestTimeStamp:2024-01-25T19:24:12.491237, 
JUnit Request:
--------- TEST-STEP-CORRELATION-ID: c20c2e99-872a-4f06-a195-344de0f939bd ---------
2024-01-25 19:24:12,491 [pool-3-thread-47] INFO  org.jsmart.zerocode.jupiter.listener.ZeroCodeTestReportJupiterListener - JUnit5 *requestTimeStamp:2024-01-25T19:24:12.491188, 
JUnit Request:
--------- TEST-STEP-CORRELATION-ID: 88654c3c-ab58-40c3-90cf-4406820cb189 ---------
2024-01-25 19:24:12,491 [pool-3-thread-26] INFO  org.jsmart.zerocode.jupiter.listener.ZeroCodeTestReportJupiterListener - JUnit5 *requestTimeStamp:2024-01-25T19:24:12.491696, 
JUnit Request:
--------- TEST-STEP-CORRELATION-ID: 55c9c181-1580-4e77-b227-2bb8b4097914 ---------
2024-01-25 19:24:12,492 [pool-3-thread-22] INFO  org.jsmart.zerocode.jupiter.listener.ZeroCodeTestReportJupiterListener - JUnit5 *requestTimeStamp:2024-01-25T19:24:12.492032, 
JUnit Request:
--------- TEST-STEP-CORRELATION-ID: 7fe25d8f-e7b3-4740-af82-83b87f3964ef ---------
2024-01-25 19:24:12,492 [pool-3-thread-21] INFO  org.jsmart.zerocode.jupiter.listener.ZeroCodeTestReportJupiterListener - JUnit5 *requestTimeStamp:2024-01-25T19:24:12.492695, 
JUnit Request:
--------- TEST-STEP-CORRELATION-ID: ceebe5e9-3969-45ae-97d3-1fc9a3b44eaf ---------
2024-01-25 19:24:12,491 [pool-3-thread-17] INFO  org.jsmart.zerocode.jupiter.listener.ZeroCodeTestReportJupiterListener - JUnit5 *requestTimeStamp:2024-01-25T19:24:12.491301, 
JUnit Request:
--------- TEST-STEP-CORRELATION-ID: cc7721fd-a2f0-4cbc-8413-33a3596c2d1e ---------
2024-01-25 19:24:12,491 [pool-3-thread-23] INFO  org.jsmart.zerocode.jupiter.listener.ZeroCodeTestReportJupiterListener - JUnit5 *requestTimeStamp:2024-01-25T19:24:12.491889, 
JUnit Request:
--------- TEST-STEP-CORRELATION-ID: 12869ef9-2a28-4955-b8e3-bb1668beaba6 ---------
2024-01-25 19:24:12,495 [pool-3-thread-32] INFO  org.jsmart.zerocode.jupiter.listener.ZeroCodeTestReportJupiterListener - JUnit5 *requestTimeStamp:2024-01-25T19:24:12.495620, 
JUnit Request:
--------- TEST-STEP-CORRELATION-ID: 3480a3f6-b66f-465b-a7f3-856c034953f5 ---------
2024-01-25 19:24:12,491 [pool-3-thread-28] INFO  org.jsmart.zerocode.jupiter.listener.ZeroCodeTestReportJupiterListener - JUnit5 *requestTimeStamp:2024-01-25T19:24:12.491611, 
JUnit Request:
--------- TEST-STEP-CORRELATION-ID: 44aafcf4-1f64-4204-af3c-c82dc033e898 ---------
2024-01-25 19:24:12,497 [pool-3-thread-8] INFO  org.jsmart.zerocode.jupiter.listener.ZeroCodeTestReportJupiterListener - JUnit5 *requestTimeStamp:2024-01-25T19:24:12.497630, 
JUnit Request:
--------- TEST-STEP-CORRELATION-ID: 6c2ccbf3-832d-4440-828d-7aeda6394dc9 ---------
2024-01-25 19:24:12,493 [pool-3-thread-33] INFO  org.jsmart.zerocode.jupiter.listener.ZeroCodeTestReportJupiterListener - JUnit5 *requestTimeStamp:2024-01-25T19:24:12.493472, 
JUnit Request:
--------- TEST-STEP-CORRELATION-ID: 19733573-3b5f-4b42-83a3-63ad96721200 ---------
2024-01-25 19:24:12,491 [pool-3-thread-27] INFO  org.jsmart.zerocode.jupiter.listener.ZeroCodeTestReportJupiterListener - JUnit5 *requestTimeStamp:2024-01-25T19:24:12.491535, 
JUnit Request:
--------- TEST-STEP-CORRELATION-ID: bf14f1a7-d21f-4d3b-82f9-e42c74056438 ---------
2024-01-25 19:24:12,491 [pool-3-thread-36] INFO  org.jsmart.zerocode.jupiter.listener.ZeroCodeTestReportJupiterListener - JUnit5 *requestTimeStamp:2024-01-25T19:24:12.491431, 
JUnit Request:
--------- TEST-STEP-CORRELATION-ID: 9d0964d1-c99f-44c2-8f92-18aa9a119709 ---------
2024-01-25 19:24:12,499 [pool-3-thread-34] INFO  org.jsmart.zerocode.jupiter.listener.ZeroCodeTestReportJupiterListener - JUnit5 *requestTimeStamp:2024-01-25T19:24:12.499576, 
JUnit Request:
--------- TEST-STEP-CORRELATION-ID: 1368fa67-d4d8-4d8d-a2d0-15e96978c75d ---------
2024-01-25 19:24:12,499 [pool-3-thread-1] INFO  org.jsmart.zerocode.jupiter.listener.ZeroCodeTestReportJupiterListener - JUnit5 *requestTimeStamp:2024-01-25T19:24:12.499347, 
JUnit Request:
--------- TEST-STEP-CORRELATION-ID: 40aea326-b762-4751-981e-b4a0e8d7ce72 ---------
2024-01-25 19:24:12,495 [pool-3-thread-2] INFO  org.jsmart.zerocode.jupiter.listener.ZeroCodeTestReportJupiterListener - JUnit5 *requestTimeStamp:2024-01-25T19:24:12.495673, 
JUnit Request:
--------- TEST-STEP-CORRELATION-ID: 42b46d8a-11ab-4692-b9cf-663ad4a0ff99 ---------
2024-01-25 19:24:12,501 [pool-3-thread-40] INFO  org.jsmart.zerocode.jupiter.listener.ZeroCodeTestReportJupiterListener - JUnit5 *requestTimeStamp:2024-01-25T19:24:12.501680, 
JUnit Request:
--------- TEST-STEP-CORRELATION-ID: 51383380-310c-4e26-a1df-725c6731380d ---------
2024-01-25 19:24:12,502 [pool-3-thread-42] INFO  org.jsmart.zerocode.jupiter.listener.ZeroCodeTestReportJupiterListener - JUnit5 *requestTimeStamp:2024-01-25T19:24:12.502415, 
JUnit Request:
--------- TEST-STEP-CORRELATION-ID: cec7bf32-b89b-446f-901b-2c841773930d ---------
2024-01-25 19:24:12,493 [pool-3-thread-11] INFO  org.jsmart.zerocode.jupiter.listener.ZeroCodeTestReportJupiterListener - JUnit5 *requestTimeStamp:2024-01-25T19:24:12.493567, 
JUnit Request:
--------- TEST-STEP-CORRELATION-ID: 8e605b3c-03b6-4218-ba23-063b24bb3bca ---------
2024-01-25 19:24:12,504 [pool-3-thread-39] INFO  org.jsmart.zerocode.jupiter.listener.ZeroCodeTestReportJupiterListener - JUnit5 *requestTimeStamp:2024-01-25T19:24:12.504015, 
JUnit Request:
--------- TEST-STEP-CORRELATION-ID: 0e4d9a28-6a71-4ff6-8f88-81b69e52b92e ---------
2024-01-25 19:24:12,491 [pool-3-thread-25] INFO  org.jsmart.zerocode.jupiter.listener.ZeroCodeTestReportJupiterListener - JUnit5 *requestTimeStamp:2024-01-25T19:24:12.491960, 
JUnit Request:
--------- TEST-STEP-CORRELATION-ID: 3959d7f7-b97e-4cc1-a9a1-65ec31eaad54 ---------
2024-01-25 19:24:12,505 [pool-3-thread-43] INFO  org.jsmart.zerocode.jupiter.listener.ZeroCodeTestReportJupiterListener - JUnit5 *requestTimeStamp:2024-01-25T19:24:12.505180, 
JUnit Request:
--------- TEST-STEP-CORRELATION-ID: bbe9e1ef-fd22-43d5-93c3-3edd16ed2509 ---------
2024-01-25 19:24:12,505 [pool-3-thread-34] INFO  org.jsmart.zerocode.jupiter.listener.ZeroCodeTestReportJupiterListener - JUnit5 *responseTimeStamp:2024-01-25T19:24:12.505624, 
JUnit Response:
--------- TEST-STEP-CORRELATION-ID: 1368fa67-d4d8-4d8d-a2d0-15e96978c75d ---------
2024-01-25 19:24:12,505 [pool-3-thread-21] INFO  org.jsmart.zerocode.jupiter.listener.ZeroCodeTestReportJupiterListener - JUnit5 *responseTimeStamp:2024-01-25T19:24:12.505732, 
JUnit Response:
--------- TEST-STEP-CORRELATION-ID: ceebe5e9-3969-45ae-97d3-1fc9a3b44eaf ---------
2024-01-25 19:24:12,506 [pool-3-thread-11] INFO  org.jsmart.zerocode.jupiter.listener.ZeroCodeTestReportJupiterListener - JUnit5 *responseTimeStamp:2024-01-25T19:24:12.505993, 
JUnit Response:
--------- TEST-STEP-CORRELATION-ID: 8e605b3c-03b6-4218-ba23-063b24bb3bca ---------
2024-01-25 19:24:12,506 [pool-3-thread-37] INFO  org.jsmart.zerocode.jupiter.listener.ZeroCodeTestReportJupiterListener - JUnit5 *responseTimeStamp:2024-01-25T19:24:12.506270, 
JUnit Response:
--------- TEST-STEP-CORRELATION-ID: 4b88ab55-c240-4080-8537-447c007b157e ---------
2024-01-25 19:24:12,506 [pool-3-thread-26] INFO  org.jsmart.zerocode.jupiter.listener.ZeroCodeTestReportJupiterListener - JUnit5 *responseTimeStamp:2024-01-25T19:24:12.506436, 
JUnit Response:
--------- TEST-STEP-CORRELATION-ID: 55c9c181-1580-4e77-b227-2bb8b4097914 ---------
2024-01-25 19:24:12,493 [pool-3-thread-19] INFO  org.jsmart.zerocode.jupiter.listener.ZeroCodeTestReportJupiterListener - JUnit5 *requestTimeStamp:2024-01-25T19:24:12.493564, 
JUnit Request:
--------- TEST-STEP-CORRELATION-ID: 07065d4c-a681-435e-94c5-cce6553aabe2 ---------
2024-01-25 19:24:12,506 [pool-3-thread-44] INFO  org.jsmart.zerocode.jupiter.listener.ZeroCodeTestReportJupiterListener - JUnit5 *requestTimeStamp:2024-01-25T19:24:12.506733, 
JUnit Request:
--------- TEST-STEP-CORRELATION-ID: f9d718fe-9c25-4579-85f1-b497f36b2eec ---------
2024-01-25 19:24:12,506 [pool-3-thread-17] INFO  org.jsmart.zerocode.jupiter.listener.ZeroCodeTestReportJupiterListener - JUnit5 *responseTimeStamp:2024-01-25T19:24:12.506851, 
JUnit Response:
--------- TEST-STEP-CORRELATION-ID: cc7721fd-a2f0-4cbc-8413-33a3596c2d1e ---------
2024-01-25 19:24:12,506 [pool-3-thread-28] INFO  org.jsmart.zerocode.jupiter.listener.ZeroCodeTestReportJupiterListener - JUnit5 *responseTimeStamp:2024-01-25T19:24:12.506973, 
JUnit Response:
--------- TEST-STEP-CORRELATION-ID: 44aafcf4-1f64-4204-af3c-c82dc033e898 ---------
2024-01-25 19:24:12,507 [pool-3-thread-42] INFO  org.jsmart.zerocode.jupiter.listener.ZeroCodeTestReportJupiterListener - JUnit5 *responseTimeStamp:2024-01-25T19:24:12.507066, 
JUnit Response:
--------- TEST-STEP-CORRELATION-ID: cec7bf32-b89b-446f-901b-2c841773930d ---------
2024-01-25 19:24:12,507 [pool-3-thread-27] INFO  org.jsmart.zerocode.jupiter.listener.ZeroCodeTestReportJupiterListener - JUnit5 *responseTimeStamp:2024-01-25T19:24:12.507268, 
JUnit Response:
--------- TEST-STEP-CORRELATION-ID: bf14f1a7-d21f-4d3b-82f9-e42c74056438 ---------
2024-01-25 19:24:12,505 [pool-3-thread-46] INFO  org.jsmart.zerocode.jupiter.listener.ZeroCodeTestReportJupiterListener - JUnit5 *responseTimeStamp:2024-01-25T19:24:12.505732, 
JUnit Response:
--------- TEST-STEP-CORRELATION-ID: c20c2e99-872a-4f06-a195-344de0f939bd ---------
2024-01-25 19:24:12,507 [pool-3-thread-8] INFO  org.jsmart.zerocode.jupiter.listener.ZeroCodeTestReportJupiterListener - JUnit5 *responseTimeStamp:2024-01-25T19:24:12.507418, 
JUnit Response:
--------- TEST-STEP-CORRELATION-ID: 6c2ccbf3-832d-4440-828d-7aeda6394dc9 ---------
2024-01-25 19:24:12,507 [pool-3-thread-6] INFO  org.jsmart.zerocode.jupiter.listener.ZeroCodeTestReportJupiterListener - JUnit5 *responseTimeStamp:2024-01-25T19:24:12.507684, 
JUnit Response:
--------- TEST-STEP-CORRELATION-ID: 1c6eff7c-7da2-489e-b1cb-1f725bdfac66 ---------
2024-01-25 19:24:12,508 [pool-3-thread-41] INFO  org.jsmart.zerocode.jupiter.listener.ZeroCodeTestReportJupiterListener - JUnit5 *requestTimeStamp:2024-01-25T19:24:12.508024, 
JUnit Request:
--------- TEST-STEP-CORRELATION-ID: 63b2c5e5-c46d-41bb-a644-55e60eae7c50 ---------
2024-01-25 19:24:12,508 [pool-3-thread-47] INFO  org.jsmart.zerocode.jupiter.listener.ZeroCodeTestReportJupiterListener - JUnit5 *responseTimeStamp:2024-01-25T19:24:12.508369, 
JUnit Response:
--------- TEST-STEP-CORRELATION-ID: 88654c3c-ab58-40c3-90cf-4406820cb189 ---------
2024-01-25 19:24:12,491 [pool-3-thread-4] INFO  org.jsmart.zerocode.jupiter.listener.ZeroCodeTestReportJupiterListener - JUnit5 *requestTimeStamp:2024-01-25T19:24:12.491963, 
JUnit Request:
--------- TEST-STEP-CORRELATION-ID: 5231dede-a504-4197-8f37-73e9bb4481d7 ---------
2024-01-25 19:24:12,506 [pool-3-thread-23] INFO  org.jsmart.zerocode.jupiter.listener.ZeroCodeTestReportJupiterListener - JUnit5 *responseTimeStamp:2024-01-25T19:24:12.506478, 
JUnit Response:
--------- TEST-STEP-CORRELATION-ID: 12869ef9-2a28-4955-b8e3-bb1668beaba6 ---------
2024-01-25 19:24:12,492 [pool-3-thread-15] INFO  org.jsmart.zerocode.jupiter.listener.ZeroCodeTestReportJupiterListener - JUnit5 *requestTimeStamp:2024-01-25T19:24:12.492098, 
JUnit Request:
--------- TEST-STEP-CORRELATION-ID: 593725a4-4c12-4a69-9e4b-5c4a0403252f ---------
2024-01-25 19:24:12,509 [pool-3-thread-45] INFO  org.jsmart.zerocode.jupiter.listener.ZeroCodeTestReportJupiterListener - JUnit5 *requestTimeStamp:2024-01-25T19:24:12.509755, 
JUnit Request:
--------- TEST-STEP-CORRELATION-ID: 27c2a572-d1a9-4368-a8c6-9d07b7c86064 ---------
2024-01-25 19:24:12,510 [pool-3-thread-41] INFO  org.jsmart.zerocode.jupiter.listener.ZeroCodeTestReportJupiterListener - JUnit5 *responseTimeStamp:2024-01-25T19:24:12.510446, 
JUnit Response:
--------- TEST-STEP-CORRELATION-ID: 63b2c5e5-c46d-41bb-a644-55e60eae7c50 ---------
2024-01-25 19:24:12,493 [pool-3-thread-14] INFO  org.jsmart.zerocode.jupiter.listener.ZeroCodeTestReportJupiterListener - JUnit5 *requestTimeStamp:2024-01-25T19:24:12.493254, 
JUnit Request:
--------- TEST-STEP-CORRELATION-ID: 31f2ea9a-9a3f-4c75-b9b8-a351bb822cb4 ---------
2024-01-25 19:24:12,510 [pool-3-thread-10] INFO  org.jsmart.zerocode.jupiter.listener.ZeroCodeTestReportJupiterListener - JUnit5 *requestTimeStamp:2024-01-25T19:24:12.510772, 
JUnit Request:
--------- TEST-STEP-CORRELATION-ID: 96af7614-0ed6-4dbd-be3e-a92edc050d91 ---------
2024-01-25 19:24:12,506 [pool-3-thread-22] INFO  org.jsmart.zerocode.jupiter.listener.ZeroCodeTestReportJupiterListener - JUnit5 *responseTimeStamp:2024-01-25T19:24:12.506004, 
JUnit Response:
--------- TEST-STEP-CORRELATION-ID: 7fe25d8f-e7b3-4740-af82-83b87f3964ef ---------
2024-01-25 19:24:12,511 [pool-3-thread-15] INFO  org.jsmart.zerocode.jupiter.listener.ZeroCodeTestReportJupiterListener - JUnit5 *responseTimeStamp:2024-01-25T19:24:12.511599, 
JUnit Response:
--------- TEST-STEP-CORRELATION-ID: 593725a4-4c12-4a69-9e4b-5c4a0403252f ---------
2024-01-25 19:24:12,493 [pool-3-thread-31] INFO  org.jsmart.zerocode.jupiter.listener.ZeroCodeTestReportJupiterListener - JUnit5 *requestTimeStamp:2024-01-25T19:24:12.493115, 
JUnit Request:
--------- TEST-STEP-CORRELATION-ID: 2b99a9ec-8d64-4507-b609-17be040a1a5a ---------
2024-01-25 19:24:12,512 [pool-3-thread-14] INFO  org.jsmart.zerocode.jupiter.listener.ZeroCodeTestReportJupiterListener - JUnit5 *responseTimeStamp:2024-01-25T19:24:12.512230, 
JUnit Response:
--------- TEST-STEP-CORRELATION-ID: 31f2ea9a-9a3f-4c75-b9b8-a351bb822cb4 ---------
2024-01-25 19:24:12,512 [pool-3-thread-10] INFO  org.jsmart.zerocode.jupiter.listener.ZeroCodeTestReportJupiterListener - JUnit5 *responseTimeStamp:2024-01-25T19:24:12.512375, 
JUnit Response:
--------- TEST-STEP-CORRELATION-ID: 96af7614-0ed6-4dbd-be3e-a92edc050d91 ---------
2024-01-25 19:24:12,511 [pool-3-thread-45] INFO  org.jsmart.zerocode.jupiter.listener.ZeroCodeTestReportJupiterListener - JUnit5 *responseTimeStamp:2024-01-25T19:24:12.511287, 
JUnit Response:
--------- TEST-STEP-CORRELATION-ID: 27c2a572-d1a9-4368-a8c6-9d07b7c86064 ---------
2024-01-25 19:24:12,492 [pool-3-thread-24] INFO  org.jsmart.zerocode.jupiter.listener.ZeroCodeTestReportJupiterListener - JUnit5 *requestTimeStamp:2024-01-25T19:24:12.492283, 
JUnit Request:
--------- TEST-STEP-CORRELATION-ID: ba0e8c0f-b60e-48b4-88da-a7294fce8b67 ---------
2024-01-25 19:24:12,513 [pool-3-thread-3] INFO  org.jsmart.zerocode.jupiter.listener.ZeroCodeTestReportJupiterListener - JUnit5 *requestTimeStamp:2024-01-25T19:24:12.513238, 
JUnit Request:
--------- TEST-STEP-CORRELATION-ID: 2c093c53-1c1d-40b0-8117-898c4afb5665 ---------
2024-01-25 19:24:12,508 [pool-3-thread-49] INFO  org.jsmart.zerocode.jupiter.listener.ZeroCodeTestReportJupiterListener - JUnit5 *requestTimeStamp:2024-01-25T19:24:12.508813, 
JUnit Request:
--------- TEST-STEP-CORRELATION-ID: e09597e9-4a27-4048-adf9-f4f1c8c7aa70 ---------
2024-01-25 19:24:12,513 [pool-3-thread-31] INFO  org.jsmart.zerocode.jupiter.listener.ZeroCodeTestReportJupiterListener - JUnit5 *responseTimeStamp:2024-01-25T19:24:12.513921, 
JUnit Response:
--------- TEST-STEP-CORRELATION-ID: 2b99a9ec-8d64-4507-b609-17be040a1a5a ---------
2024-01-25 19:24:12,513 [pool-3-thread-12] INFO  org.jsmart.zerocode.jupiter.listener.ZeroCodeTestReportJupiterListener - JUnit5 *requestTimeStamp:2024-01-25T19:24:12.513963, 
JUnit Request:
--------- TEST-STEP-CORRELATION-ID: dfc6f3e9-ec94-4dde-a944-78153780ddb2 ---------
2024-01-25 19:24:12,514 [pool-3-thread-3] INFO  org.jsmart.zerocode.jupiter.listener.ZeroCodeTestReportJupiterListener - JUnit5 *responseTimeStamp:2024-01-25T19:24:12.514358, 
JUnit Response:
--------- TEST-STEP-CORRELATION-ID: 2c093c53-1c1d-40b0-8117-898c4afb5665 ---------
2024-01-25 19:24:12,514 [pool-3-thread-9] INFO  org.jsmart.zerocode.jupiter.listener.ZeroCodeTestReportJupiterListener - JUnit5 *requestTimeStamp:2024-01-25T19:24:12.514663, 
JUnit Request:
--------- TEST-STEP-CORRELATION-ID: ed7398e4-324f-4570-85b4-4204b11af177 ---------
2024-01-25 19:24:12,515 [pool-3-thread-12] INFO  org.jsmart.zerocode.jupiter.listener.ZeroCodeTestReportJupiterListener - JUnit5 *responseTimeStamp:2024-01-25T19:24:12.515159, 
JUnit Response:
--------- TEST-STEP-CORRELATION-ID: dfc6f3e9-ec94-4dde-a944-78153780ddb2 ---------
2024-01-25 19:24:12,492 [pool-3-thread-30] INFO  org.jsmart.zerocode.jupiter.listener.ZeroCodeTestReportJupiterListener - JUnit5 *requestTimeStamp:2024-01-25T19:24:12.492518, 
JUnit Request:
--------- TEST-STEP-CORRELATION-ID: ebeeff73-c8b6-43e4-a8ec-86f7dea6a4d0 ---------
2024-01-25 19:24:12,516 [pool-3-thread-9] INFO  org.jsmart.zerocode.jupiter.listener.ZeroCodeTestReportJupiterListener - JUnit5 *responseTimeStamp:2024-01-25T19:24:12.515989, 
JUnit Response:
--------- TEST-STEP-CORRELATION-ID: ed7398e4-324f-4570-85b4-4204b11af177 ---------
2024-01-25 19:24:12,516 [pool-3-thread-16] INFO  org.jsmart.zerocode.jupiter.listener.ZeroCodeTestReportJupiterListener - JUnit5 *requestTimeStamp:2024-01-25T19:24:12.516238, 
JUnit Request:
--------- TEST-STEP-CORRELATION-ID: ea4c3f3f-9d64-4c09-99fe-b3a3ab78d7da ---------
2024-01-25 19:24:12,516 [pool-3-thread-49] INFO  org.jsmart.zerocode.jupiter.listener.ZeroCodeTestReportJupiterListener - JUnit5 *responseTimeStamp:2024-01-25T19:24:12.516701, 
JUnit Response:
--------- TEST-STEP-CORRELATION-ID: e09597e9-4a27-4048-adf9-f4f1c8c7aa70 ---------
2024-01-25 19:24:12,491 [pool-3-thread-5] INFO  org.jsmart.zerocode.jupiter.listener.ZeroCodeTestReportJupiterListener - JUnit5 *requestTimeStamp:2024-01-25T19:24:12.491752, 
JUnit Request:
--------- TEST-STEP-CORRELATION-ID: 84c87c01-7829-41e6-b802-30c766785625 ---------
2024-01-25 19:24:12,517 [pool-3-thread-30] INFO  org.jsmart.zerocode.jupiter.listener.ZeroCodeTestReportJupiterListener - JUnit5 *responseTimeStamp:2024-01-25T19:24:12.517812, 
JUnit Response:
--------- TEST-STEP-CORRELATION-ID: ebeeff73-c8b6-43e4-a8ec-86f7dea6a4d0 ---------
2024-01-25 19:24:12,517 [pool-3-thread-16] INFO  org.jsmart.zerocode.jupiter.listener.ZeroCodeTestReportJupiterListener - JUnit5 *responseTimeStamp:2024-01-25T19:24:12.517475, 
JUnit Response:
--------- TEST-STEP-CORRELATION-ID: ea4c3f3f-9d64-4c09-99fe-b3a3ab78d7da ---------
2024-01-25 19:24:12,517 [pool-3-thread-18] INFO  org.jsmart.zerocode.jupiter.listener.ZeroCodeTestReportJupiterListener - JUnit5 *requestTimeStamp:2024-01-25T19:24:12.517389, 
JUnit Request:
--------- TEST-STEP-CORRELATION-ID: 018fcc6b-7fee-4faa-82d0-90b316e6c888 ---------
2024-01-25 19:24:12,517 [pool-3-thread-24] INFO  org.jsmart.zerocode.jupiter.listener.ZeroCodeTestReportJupiterListener - JUnit5 *responseTimeStamp:2024-01-25T19:24:12.517341, 
JUnit Response:
--------- TEST-STEP-CORRELATION-ID: ba0e8c0f-b60e-48b4-88da-a7294fce8b67 ---------
2024-01-25 19:24:12,518 [pool-3-thread-5] INFO  org.jsmart.zerocode.jupiter.listener.ZeroCodeTestReportJupiterListener - JUnit5 *responseTimeStamp:2024-01-25T19:24:12.518644, 
JUnit Response:
--------- TEST-STEP-CORRELATION-ID: 84c87c01-7829-41e6-b802-30c766785625 ---------
2024-01-25 19:24:12,515 [pool-3-thread-13] INFO  org.jsmart.zerocode.jupiter.listener.ZeroCodeTestReportJupiterListener - JUnit5 *requestTimeStamp:2024-01-25T19:24:12.515809, 
JUnit Request:
--------- TEST-STEP-CORRELATION-ID: a3be6edd-9259-411e-bb1a-300b7154b67c ---------
2024-01-25 19:24:12,513 [pool-3-thread-4] INFO  org.jsmart.zerocode.jupiter.listener.ZeroCodeTestReportJupiterListener - JUnit5 *responseTimeStamp:2024-01-25T19:24:12.513022, 
JUnit Response:
--------- TEST-STEP-CORRELATION-ID: 5231dede-a504-4197-8f37-73e9bb4481d7 ---------
2024-01-25 19:24:12,519 [pool-3-thread-18] INFO  org.jsmart.zerocode.jupiter.listener.ZeroCodeTestReportJupiterListener - JUnit5 *responseTimeStamp:2024-01-25T19:24:12.519628, 
JUnit Response:
--------- TEST-STEP-CORRELATION-ID: 018fcc6b-7fee-4faa-82d0-90b316e6c888 ---------
2024-01-25 19:24:12,512 [pool-3-thread-20] INFO  org.jsmart.zerocode.jupiter.listener.ZeroCodeTestReportJupiterListener - JUnit5 *requestTimeStamp:2024-01-25T19:24:12.512877, 
JUnit Request:
--------- TEST-STEP-CORRELATION-ID: d00614d8-3a8b-44bd-9d73-b029bcea55c7 ---------
2024-01-25 19:24:12,511 [pool-3-thread-7] INFO  org.jsmart.zerocode.jupiter.listener.ZeroCodeTestReportJupiterListener - JUnit5 *requestTimeStamp:2024-01-25T19:24:12.511887, 
JUnit Request:
--------- TEST-STEP-CORRELATION-ID: fad695f9-c3f9-445c-b0dc-90cd52ba3e11 ---------
2024-01-25 19:24:12,509 [pool-3-thread-44] INFO  org.jsmart.zerocode.jupiter.listener.ZeroCodeTestReportJupiterListener - JUnit5 *responseTimeStamp:2024-01-25T19:24:12.509053, 
JUnit Response:
--------- TEST-STEP-CORRELATION-ID: f9d718fe-9c25-4579-85f1-b497f36b2eec ---------
2024-01-25 19:24:12,506 [pool-3-thread-48] INFO  org.jsmart.zerocode.jupiter.listener.ZeroCodeTestReportJupiterListener - JUnit5 *responseTimeStamp:2024-01-25T19:24:12.506851, 
JUnit Response:
--------- TEST-STEP-CORRELATION-ID: 899bd721-f486-40aa-9aab-8c4c7de3b245 ---------
2024-01-25 19:24:12,521 [pool-3-thread-20] INFO  org.jsmart.zerocode.jupiter.listener.ZeroCodeTestReportJupiterListener - JUnit5 *responseTimeStamp:2024-01-25T19:24:12.521690, 
JUnit Response:
--------- TEST-STEP-CORRELATION-ID: d00614d8-3a8b-44bd-9d73-b029bcea55c7 ---------
2024-01-25 19:24:12,507 [pool-3-thread-1] INFO  org.jsmart.zerocode.jupiter.listener.ZeroCodeTestReportJupiterListener - JUnit5 *responseTimeStamp:2024-01-25T19:24:12.507125, 
JUnit Response:
--------- TEST-STEP-CORRELATION-ID: 40aea326-b762-4751-981e-b4a0e8d7ce72 ---------
2024-01-25 19:24:12,522 [pool-3-thread-7] INFO  org.jsmart.zerocode.jupiter.listener.ZeroCodeTestReportJupiterListener - JUnit5 *responseTimeStamp:2024-01-25T19:24:12.522806, 
JUnit Response:
--------- TEST-STEP-CORRELATION-ID: fad695f9-c3f9-445c-b0dc-90cd52ba3e11 ---------
2024-01-25 19:24:12,508 [pool-3-thread-39] INFO  org.jsmart.zerocode.jupiter.listener.ZeroCodeTestReportJupiterListener - JUnit5 *responseTimeStamp:2024-01-25T19:24:12.508258, 
JUnit Response:
--------- TEST-STEP-CORRELATION-ID: 0e4d9a28-6a71-4ff6-8f88-81b69e52b92e ---------
2024-01-25 19:24:12,507 [pool-3-thread-32] INFO  org.jsmart.zerocode.jupiter.listener.ZeroCodeTestReportJupiterListener - JUnit5 *responseTimeStamp:2024-01-25T19:24:12.507315, 
JUnit Response:
--------- TEST-STEP-CORRELATION-ID: 3480a3f6-b66f-465b-a7f3-856c034953f5 ---------
2024-01-25 19:24:12,507 [pool-3-thread-50] INFO  org.jsmart.zerocode.jupiter.listener.ZeroCodeTestReportJupiterListener - JUnit5 *requestTimeStamp:2024-01-25T19:24:12.507619, 
JUnit Request:
--------- TEST-STEP-CORRELATION-ID: e597b595-1d28-4638-b513-9d141623bf25 ---------
2024-01-25 19:24:12,507 [pool-3-thread-19] INFO  org.jsmart.zerocode.jupiter.listener.ZeroCodeTestReportJupiterListener - JUnit5 *responseTimeStamp:2024-01-25T19:24:12.507583, 
JUnit Response:
--------- TEST-STEP-CORRELATION-ID: 07065d4c-a681-435e-94c5-cce6553aabe2 ---------
2024-01-25 19:24:12,507 [pool-3-thread-40] INFO  org.jsmart.zerocode.jupiter.listener.ZeroCodeTestReportJupiterListener - JUnit5 *responseTimeStamp:2024-01-25T19:24:12.507350, 
JUnit Response:
--------- TEST-STEP-CORRELATION-ID: 51383380-310c-4e26-a1df-725c6731380d ---------
2024-01-25 19:24:12,507 [pool-3-thread-36] INFO  org.jsmart.zerocode.jupiter.listener.ZeroCodeTestReportJupiterListener - JUnit5 *responseTimeStamp:2024-01-25T19:24:12.507250, 
JUnit Response:
--------- TEST-STEP-CORRELATION-ID: 9d0964d1-c99f-44c2-8f92-18aa9a119709 ---------
2024-01-25 19:24:12,507 [pool-3-thread-2] INFO  org.jsmart.zerocode.jupiter.listener.ZeroCodeTestReportJupiterListener - JUnit5 *responseTimeStamp:2024-01-25T19:24:12.507161, 
JUnit Response:
--------- TEST-STEP-CORRELATION-ID: 42b46d8a-11ab-4692-b9cf-663ad4a0ff99 ---------
2024-01-25 19:24:12,507 [pool-3-thread-33] INFO  org.jsmart.zerocode.jupiter.listener.ZeroCodeTestReportJupiterListener - JUnit5 *responseTimeStamp:2024-01-25T19:24:12.507018, 
JUnit Response:
--------- TEST-STEP-CORRELATION-ID: 19733573-3b5f-4b42-83a3-63ad96721200 ---------
2024-01-25 19:24:12,506 [pool-3-thread-43] INFO  org.jsmart.zerocode.jupiter.listener.ZeroCodeTestReportJupiterListener - JUnit5 *responseTimeStamp:2024-01-25T19:24:12.506606, 
JUnit Response:
--------- TEST-STEP-CORRELATION-ID: bbe9e1ef-fd22-43d5-93c3-3edd16ed2509 ---------
2024-01-25 19:24:12,506 [pool-3-thread-25] INFO  org.jsmart.zerocode.jupiter.listener.ZeroCodeTestReportJupiterListener - JUnit5 *responseTimeStamp:2024-01-25T19:24:12.506150, 
JUnit Response:
--------- TEST-STEP-CORRELATION-ID: 3959d7f7-b97e-4cc1-a9a1-65ec31eaad54 ---------
2024-01-25 19:24:12,501 [pool-3-thread-38] INFO  org.jsmart.zerocode.jupiter.listener.ZeroCodeTestReportJupiterListener - JUnit5 *requestTimeStamp:2024-01-25T19:24:12.501273, 
JUnit Request:
--------- TEST-STEP-CORRELATION-ID: 3392e28b-08fa-489f-ab80-0f035749bcdd ---------
2024-01-25 19:24:12,501 [pool-3-thread-35] INFO  org.jsmart.zerocode.jupiter.listener.ZeroCodeTestReportJupiterListener - JUnit5 *requestTimeStamp:2024-01-25T19:24:12.501027, 
JUnit Request:
--------- TEST-STEP-CORRELATION-ID: de8e38b3-0a28-43d9-a9ee-03459df22fcd ---------
2024-01-25 19:24:12,524 [pool-3-thread-50] INFO  org.jsmart.zerocode.jupiter.listener.ZeroCodeTestReportJupiterListener - JUnit5 *responseTimeStamp:2024-01-25T19:24:12.524854, 
JUnit Response:
--------- TEST-STEP-CORRELATION-ID: e597b595-1d28-4638-b513-9d141623bf25 ---------
2024-01-25 19:24:12,521 [pool-3-thread-13] INFO  org.jsmart.zerocode.jupiter.listener.ZeroCodeTestReportJupiterListener - JUnit5 *responseTimeStamp:2024-01-25T19:24:12.521857, 
JUnit Response:
--------- TEST-STEP-CORRELATION-ID: a3be6edd-9259-411e-bb1a-300b7154b67c ---------
2024-01-25 19:24:12,527 [pool-3-thread-38] INFO  org.jsmart.zerocode.jupiter.listener.ZeroCodeTestReportJupiterListener - JUnit5 *responseTimeStamp:2024-01-25T19:24:12.527198, 
JUnit Response:
--------- TEST-STEP-CORRELATION-ID: 3392e28b-08fa-489f-ab80-0f035749bcdd ---------
2024-01-25 19:24:12,527 [pool-3-thread-35] INFO  org.jsmart.zerocode.jupiter.listener.ZeroCodeTestReportJupiterListener - JUnit5 *responseTimeStamp:2024-01-25T19:24:12.527343, 
JUnit Response:
--------- TEST-STEP-CORRELATION-ID: de8e38b3-0a28-43d9-a9ee-03459df22fcd ---------
2024-01-25 19:24:12,698 [pool-3-thread-7] INFO  org.jsmart.zerocode.jupiter.listener.ZeroCodeTestReportJupiterListener - JUnit5 *requestTimeStamp:2024-01-25T19:24:12.698648, 
JUnit Request:
--------- TEST-STEP-CORRELATION-ID: 2f6f212b-62c5-4d20-8398-90e249258fca ---------
2024-01-25 19:24:12,700 [pool-3-thread-7] INFO  org.jsmart.zerocode.jupiter.listener.ZeroCodeTestReportJupiterListener - JUnit5 *responseTimeStamp:2024-01-25T19:24:12.700180, 
JUnit Response:
--------- TEST-STEP-CORRELATION-ID: 2f6f212b-62c5-4d20-8398-90e249258fca ---------
2024-01-25 19:24:12,700 [pool-3-thread-46] INFO  org.jsmart.zerocode.jupiter.listener.ZeroCodeTestReportJupiterListener - JUnit5 *requestTimeStamp:2024-01-25T19:24:12.700418, 
JUnit Request:
--------- TEST-STEP-CORRELATION-ID: 5a65ad97-17bf-4247-9758-7eede4b91092 ---------
2024-01-25 19:24:12,701 [pool-3-thread-4] INFO  org.jsmart.zerocode.jupiter.listener.ZeroCodeTestReportJupiterListener - JUnit5 *requestTimeStamp:2024-01-25T19:24:12.701187, 
JUnit Request:
--------- TEST-STEP-CORRELATION-ID: 3550be67-a09c-44b7-a921-537992e14a4d ---------
2024-01-25 19:24:12,701 [pool-3-thread-38] INFO  org.jsmart.zerocode.jupiter.listener.ZeroCodeTestReportJupiterListener - JUnit5 *requestTimeStamp:2024-01-25T19:24:12.701713, 
JUnit Request:
--------- TEST-STEP-CORRELATION-ID: d9ccfafb-fdce-4ebb-a99e-b015b169dbbd ---------
2024-01-25 19:24:12,702 [pool-3-thread-4] INFO  org.jsmart.zerocode.jupiter.listener.ZeroCodeTestReportJupiterListener - JUnit5 *responseTimeStamp:2024-01-25T19:24:12.702157, 
JUnit Response:
--------- TEST-STEP-CORRELATION-ID: 3550be67-a09c-44b7-a921-537992e14a4d ---------
2024-01-25 19:24:12,700 [pool-3-thread-3] INFO  org.jsmart.zerocode.jupiter.listener.ZeroCodeTestReportJupiterListener - JUnit5 *requestTimeStamp:2024-01-25T19:24:12.700281, 
JUnit Request:
--------- TEST-STEP-CORRELATION-ID: 0cc3af31-da4b-40aa-96a2-e0050fbaf8d5 ---------
2024-01-25 19:24:12,702 [pool-3-thread-35] INFO  org.jsmart.zerocode.jupiter.listener.ZeroCodeTestReportJupiterListener - JUnit5 *requestTimeStamp:2024-01-25T19:24:12.702550, 
JUnit Request:
--------- TEST-STEP-CORRELATION-ID: 22db1175-a4c6-4c9c-9d1a-3ef9e3375937 ---------
2024-01-25 19:24:12,705 [pool-3-thread-26] INFO  org.jsmart.zerocode.jupiter.listener.ZeroCodeTestReportJupiterListener - JUnit5 *requestTimeStamp:2024-01-25T19:24:12.705191, 
JUnit Request:
--------- TEST-STEP-CORRELATION-ID: 44f2e592-db81-4865-b3a1-87e841251cb1 ---------
2024-01-25 19:24:12,701 [pool-3-thread-46] INFO  org.jsmart.zerocode.jupiter.listener.ZeroCodeTestReportJupiterListener - JUnit5 *responseTimeStamp:2024-01-25T19:24:12.701284, 
JUnit Response:
--------- TEST-STEP-CORRELATION-ID: 5a65ad97-17bf-4247-9758-7eede4b91092 ---------
2024-01-25 19:24:12,705 [pool-3-thread-47] INFO  org.jsmart.zerocode.jupiter.listener.ZeroCodeTestReportJupiterListener - JUnit5 *requestTimeStamp:2024-01-25T19:24:12.705326, 
JUnit Request:
--------- TEST-STEP-CORRELATION-ID: 386b3bd4-eaec-484a-8d82-9e4c202b613c ---------
2024-01-25 19:24:12,705 [pool-3-thread-37] INFO  org.jsmart.zerocode.jupiter.listener.ZeroCodeTestReportJupiterListener - JUnit5 *requestTimeStamp:2024-01-25T19:24:12.705977, 
JUnit Request:
--------- TEST-STEP-CORRELATION-ID: 1c56673d-d646-4329-82a8-4f8aa4f22063 ---------
2024-01-25 19:24:12,706 [pool-3-thread-3] INFO  org.jsmart.zerocode.jupiter.listener.ZeroCodeTestReportJupiterListener - JUnit5 *responseTimeStamp:2024-01-25T19:24:12.706357, 
JUnit Response:
--------- TEST-STEP-CORRELATION-ID: 0cc3af31-da4b-40aa-96a2-e0050fbaf8d5 ---------
2024-01-25 19:24:12,706 [pool-3-thread-45] INFO  org.jsmart.zerocode.jupiter.listener.ZeroCodeTestReportJupiterListener - JUnit5 *requestTimeStamp:2024-01-25T19:24:12.706688, 
JUnit Request:
--------- TEST-STEP-CORRELATION-ID: cd91f76e-732f-41a9-b752-7c9e462c6dc1 ---------
2024-01-25 19:24:12,703 [pool-3-thread-38] INFO  org.jsmart.zerocode.jupiter.listener.ZeroCodeTestReportJupiterListener - JUnit5 *responseTimeStamp:2024-01-25T19:24:12.703714, 
JUnit Response:
--------- TEST-STEP-CORRELATION-ID: d9ccfafb-fdce-4ebb-a99e-b015b169dbbd ---------
2024-01-25 19:24:12,706 [pool-3-thread-35] INFO  org.jsmart.zerocode.jupiter.listener.ZeroCodeTestReportJupiterListener - JUnit5 *responseTimeStamp:2024-01-25T19:24:12.706851, 
JUnit Response:
--------- TEST-STEP-CORRELATION-ID: 22db1175-a4c6-4c9c-9d1a-3ef9e3375937 ---------
2024-01-25 19:24:12,703 [pool-3-thread-8] INFO  org.jsmart.zerocode.jupiter.listener.ZeroCodeTestReportJupiterListener - JUnit5 *requestTimeStamp:2024-01-25T19:24:12.703438, 
JUnit Request:
--------- TEST-STEP-CORRELATION-ID: e137d341-1bc3-4bd0-9738-095d9dd64fe2 ---------
2024-01-25 19:24:12,707 [pool-3-thread-45] INFO  org.jsmart.zerocode.jupiter.listener.ZeroCodeTestReportJupiterListener - JUnit5 *responseTimeStamp:2024-01-25T19:24:12.707373, 
JUnit Response:
--------- TEST-STEP-CORRELATION-ID: cd91f76e-732f-41a9-b752-7c9e462c6dc1 ---------
2024-01-25 19:24:12,711 [pool-3-thread-26] INFO  org.jsmart.zerocode.jupiter.listener.ZeroCodeTestReportJupiterListener - JUnit5 *responseTimeStamp:2024-01-25T19:24:12.711020, 
JUnit Response:
--------- TEST-STEP-CORRELATION-ID: 44f2e592-db81-4865-b3a1-87e841251cb1 ---------
2024-01-25 19:24:12,703 [pool-3-thread-13] INFO  org.jsmart.zerocode.jupiter.listener.ZeroCodeTestReportJupiterListener - JUnit5 *requestTimeStamp:2024-01-25T19:24:12.703318, 
JUnit Request:
--------- TEST-STEP-CORRELATION-ID: 33e1b3ca-6e74-4201-8810-eaead2e39ec0 ---------
2024-01-25 19:24:12,712 [pool-3-thread-25] INFO  org.jsmart.zerocode.jupiter.listener.ZeroCodeTestReportJupiterListener - JUnit5 *requestTimeStamp:2024-01-25T19:24:12.712162, 
JUnit Request:
--------- TEST-STEP-CORRELATION-ID: 49813f11-4ed2-45da-926a-c690cd33e8ee ---------
2024-01-25 19:24:12,712 [pool-3-thread-42] INFO  org.jsmart.zerocode.jupiter.listener.ZeroCodeTestReportJupiterListener - JUnit5 *requestTimeStamp:2024-01-25T19:24:12.712700, 
JUnit Request:
--------- TEST-STEP-CORRELATION-ID: 5afff5c8-86f9-4daf-8683-8964bf6a85a8 ---------
2024-01-25 19:24:12,713 [pool-3-thread-25] INFO  org.jsmart.zerocode.jupiter.listener.ZeroCodeTestReportJupiterListener - JUnit5 *responseTimeStamp:2024-01-25T19:24:12.713269, 
JUnit Response:
--------- TEST-STEP-CORRELATION-ID: 49813f11-4ed2-45da-926a-c690cd33e8ee ---------
2024-01-25 19:24:12,713 [pool-3-thread-18] INFO  org.jsmart.zerocode.jupiter.listener.ZeroCodeTestReportJupiterListener - JUnit5 *requestTimeStamp:2024-01-25T19:24:12.713541, 
JUnit Request:
--------- TEST-STEP-CORRELATION-ID: 43f96b9c-e1e2-4650-bdc5-20839a45f506 ---------
2024-01-25 19:24:12,713 [pool-3-thread-42] INFO  org.jsmart.zerocode.jupiter.listener.ZeroCodeTestReportJupiterListener - JUnit5 *responseTimeStamp:2024-01-25T19:24:12.713647, 
JUnit Response:
--------- TEST-STEP-CORRELATION-ID: 5afff5c8-86f9-4daf-8683-8964bf6a85a8 ---------
2024-01-25 19:24:12,702 [pool-3-thread-21] INFO  org.jsmart.zerocode.jupiter.listener.ZeroCodeTestReportJupiterListener - JUnit5 *requestTimeStamp:2024-01-25T19:24:12.702653, 
JUnit Request:
--------- TEST-STEP-CORRELATION-ID: 231d3377-0e9d-4d11-a962-288ca240ecd3 ---------
2024-01-25 19:24:12,711 [pool-3-thread-15] INFO  org.jsmart.zerocode.jupiter.listener.ZeroCodeTestReportJupiterListener - JUnit5 *requestTimeStamp:2024-01-25T19:24:12.711915, 
JUnit Request:
--------- TEST-STEP-CORRELATION-ID: ca9b8aed-5487-459f-9444-abce0b69de45 ---------
2024-01-25 19:24:12,709 [pool-3-thread-10] INFO  org.jsmart.zerocode.jupiter.listener.ZeroCodeTestReportJupiterListener - JUnit5 *requestTimeStamp:2024-01-25T19:24:12.709020, 
JUnit Request:
--------- TEST-STEP-CORRELATION-ID: 3d92f68f-0990-4b26-8d71-53799109b425 ---------
2024-01-25 19:24:12,714 [pool-3-thread-21] INFO  org.jsmart.zerocode.jupiter.listener.ZeroCodeTestReportJupiterListener - JUnit5 *responseTimeStamp:2024-01-25T19:24:12.714768, 
JUnit Response:
--------- TEST-STEP-CORRELATION-ID: 231d3377-0e9d-4d11-a962-288ca240ecd3 ---------
2024-01-25 19:24:12,714 [pool-3-thread-13] INFO  org.jsmart.zerocode.jupiter.listener.ZeroCodeTestReportJupiterListener - JUnit5 *responseTimeStamp:2024-01-25T19:24:12.714910, 
JUnit Response:
--------- TEST-STEP-CORRELATION-ID: 33e1b3ca-6e74-4201-8810-eaead2e39ec0 ---------
2024-01-25 19:24:12,715 [pool-3-thread-15] INFO  org.jsmart.zerocode.jupiter.listener.ZeroCodeTestReportJupiterListener - JUnit5 *responseTimeStamp:2024-01-25T19:24:12.715225, 
JUnit Response:
--------- TEST-STEP-CORRELATION-ID: ca9b8aed-5487-459f-9444-abce0b69de45 ---------
2024-01-25 19:24:12,715 [pool-3-thread-18] INFO  org.jsmart.zerocode.jupiter.listener.ZeroCodeTestReportJupiterListener - JUnit5 *responseTimeStamp:2024-01-25T19:24:12.715761, 
JUnit Response:
--------- TEST-STEP-CORRELATION-ID: 43f96b9c-e1e2-4650-bdc5-20839a45f506 ---------
2024-01-25 19:24:12,708 [pool-3-thread-30] INFO  org.jsmart.zerocode.jupiter.listener.ZeroCodeTestReportJupiterListener - JUnit5 *requestTimeStamp:2024-01-25T19:24:12.708852, 
JUnit Request:
--------- TEST-STEP-CORRELATION-ID: be10fbe5-f357-463c-b0f4-932efa7391b6 ---------
2024-01-25 19:24:12,708 [pool-3-thread-23] INFO  org.jsmart.zerocode.jupiter.listener.ZeroCodeTestReportJupiterListener - JUnit5 *requestTimeStamp:2024-01-25T19:24:12.708618, 
JUnit Request:
--------- TEST-STEP-CORRELATION-ID: d0874b3f-5779-4855-9d39-23d3a2c9dd48 ---------
2024-01-25 19:24:12,707 [pool-3-thread-50] INFO  org.jsmart.zerocode.jupiter.listener.ZeroCodeTestReportJupiterListener - JUnit5 *requestTimeStamp:2024-01-25T19:24:12.707976, 
JUnit Request:
--------- TEST-STEP-CORRELATION-ID: d54e95cf-5358-4f47-9242-cbef6f5e8d36 ---------
2024-01-25 19:24:12,719 [pool-3-thread-44] INFO  org.jsmart.zerocode.jupiter.listener.ZeroCodeTestReportJupiterListener - JUnit5 *requestTimeStamp:2024-01-25T19:24:12.718999, 
JUnit Request:
--------- TEST-STEP-CORRELATION-ID: 960cd515-bbfe-4f88-96cd-0e156d03adae ---------
2024-01-25 19:24:12,706 [pool-3-thread-47] INFO  org.jsmart.zerocode.jupiter.listener.ZeroCodeTestReportJupiterListener - JUnit5 *responseTimeStamp:2024-01-25T19:24:12.706794, 
JUnit Response:
--------- TEST-STEP-CORRELATION-ID: 386b3bd4-eaec-484a-8d82-9e4c202b613c ---------
2024-01-25 19:24:12,721 [pool-3-thread-44] INFO  org.jsmart.zerocode.jupiter.listener.ZeroCodeTestReportJupiterListener - JUnit5 *responseTimeStamp:2024-01-25T19:24:12.721282, 
JUnit Response:
--------- TEST-STEP-CORRELATION-ID: 960cd515-bbfe-4f88-96cd-0e156d03adae ---------
2024-01-25 19:24:12,721 [pool-3-thread-12] INFO  org.jsmart.zerocode.jupiter.listener.ZeroCodeTestReportJupiterListener - JUnit5 *requestTimeStamp:2024-01-25T19:24:12.721451, 
JUnit Request:
--------- TEST-STEP-CORRELATION-ID: 6cee0345-9d11-4644-b850-eb2b63a9af47 ---------
2024-01-25 19:24:12,721 [pool-3-thread-50] INFO  org.jsmart.zerocode.jupiter.listener.ZeroCodeTestReportJupiterListener - JUnit5 *responseTimeStamp:2024-01-25T19:24:12.721733, 
JUnit Response:
--------- TEST-STEP-CORRELATION-ID: d54e95cf-5358-4f47-9242-cbef6f5e8d36 ---------
2024-01-25 19:24:12,722 [pool-3-thread-23] INFO  org.jsmart.zerocode.jupiter.listener.ZeroCodeTestReportJupiterListener - JUnit5 *responseTimeStamp:2024-01-25T19:24:12.722251, 
JUnit Response:
--------- TEST-STEP-CORRELATION-ID: d0874b3f-5779-4855-9d39-23d3a2c9dd48 ---------
2024-01-25 19:24:12,719 [pool-3-thread-30] INFO  org.jsmart.zerocode.jupiter.listener.ZeroCodeTestReportJupiterListener - JUnit5 *responseTimeStamp:2024-01-25T19:24:12.719699, 
JUnit Response:
--------- TEST-STEP-CORRELATION-ID: be10fbe5-f357-463c-b0f4-932efa7391b6 ---------
2024-01-25 19:24:12,723 [pool-3-thread-48] INFO  org.jsmart.zerocode.jupiter.listener.ZeroCodeTestReportJupiterListener - JUnit5 *requestTimeStamp:2024-01-25T19:24:12.723087, 
JUnit Request:
--------- TEST-STEP-CORRELATION-ID: 14cce1cf-2e97-4aec-9e9c-6e71caef7f96 ---------
2024-01-25 19:24:12,724 [pool-3-thread-22] INFO  org.jsmart.zerocode.jupiter.listener.ZeroCodeTestReportJupiterListener - JUnit5 *requestTimeStamp:2024-01-25T19:24:12.724579, 
JUnit Request:
--------- TEST-STEP-CORRELATION-ID: 82ce8e56-62d0-4f68-aa64-0d302fa10717 ---------
2024-01-25 19:24:12,725 [pool-3-thread-24] INFO  org.jsmart.zerocode.jupiter.listener.ZeroCodeTestReportJupiterListener - JUnit5 *requestTimeStamp:2024-01-25T19:24:12.725437, 
JUnit Request:
--------- TEST-STEP-CORRELATION-ID: 80d56303-57b5-4305-b0ba-86439300c378 ---------
2024-01-25 19:24:12,706 [pool-3-thread-37] INFO  org.jsmart.zerocode.jupiter.listener.ZeroCodeTestReportJupiterListener - JUnit5 *responseTimeStamp:2024-01-25T19:24:12.706790, 
JUnit Response:
--------- TEST-STEP-CORRELATION-ID: 1c56673d-d646-4329-82a8-4f8aa4f22063 ---------
2024-01-25 19:24:12,726 [pool-3-thread-22] INFO  org.jsmart.zerocode.jupiter.listener.ZeroCodeTestReportJupiterListener - JUnit5 *responseTimeStamp:2024-01-25T19:24:12.726728, 
JUnit Response:
--------- TEST-STEP-CORRELATION-ID: 82ce8e56-62d0-4f68-aa64-0d302fa10717 ---------
2024-01-25 19:24:12,727 [pool-3-thread-20] INFO  org.jsmart.zerocode.jupiter.listener.ZeroCodeTestReportJupiterListener - JUnit5 *requestTimeStamp:2024-01-25T19:24:12.727592, 
JUnit Request:
--------- TEST-STEP-CORRELATION-ID: 64a8fa63-6a3d-437e-84b8-244f76eebae1 ---------
2024-01-25 19:24:12,728 [pool-3-thread-19] INFO  org.jsmart.zerocode.jupiter.listener.ZeroCodeTestReportJupiterListener - JUnit5 *requestTimeStamp:2024-01-25T19:24:12.727997, 
JUnit Request:
--------- TEST-STEP-CORRELATION-ID: eda29742-9838-416a-9f05-38c5b2123cf6 ---------
2024-01-25 19:24:12,718 [pool-3-thread-17] INFO  org.jsmart.zerocode.jupiter.listener.ZeroCodeTestReportJupiterListener - JUnit5 *requestTimeStamp:2024-01-25T19:24:12.718869, 
JUnit Request:
--------- TEST-STEP-CORRELATION-ID: 8f122007-82cd-4556-ba9b-df17b36cd924 ---------
2024-01-25 19:24:12,728 [pool-3-thread-20] INFO  org.jsmart.zerocode.jupiter.listener.ZeroCodeTestReportJupiterListener - JUnit5 *responseTimeStamp:2024-01-25T19:24:12.728476, 
JUnit Response:
--------- TEST-STEP-CORRELATION-ID: 64a8fa63-6a3d-437e-84b8-244f76eebae1 ---------
2024-01-25 19:24:12,728 [pool-3-thread-19] INFO  org.jsmart.zerocode.jupiter.listener.ZeroCodeTestReportJupiterListener - JUnit5 *responseTimeStamp:2024-01-25T19:24:12.728964, 
JUnit Response:
--------- TEST-STEP-CORRELATION-ID: eda29742-9838-416a-9f05-38c5b2123cf6 ---------
2024-01-25 19:24:12,729 [pool-3-thread-14] INFO  org.jsmart.zerocode.jupiter.listener.ZeroCodeTestReportJupiterListener - JUnit5 *requestTimeStamp:2024-01-25T19:24:12.729214, 
JUnit Request:
--------- TEST-STEP-CORRELATION-ID: 3db9b51b-af25-4f95-bae7-809bf3d22ec9 ---------
2024-01-25 19:24:12,726 [pool-3-thread-12] INFO  org.jsmart.zerocode.jupiter.listener.ZeroCodeTestReportJupiterListener - JUnit5 *responseTimeStamp:2024-01-25T19:24:12.726709, 
JUnit Response:
--------- TEST-STEP-CORRELATION-ID: 6cee0345-9d11-4644-b850-eb2b63a9af47 ---------
2024-01-25 19:24:12,730 [pool-3-thread-17] INFO  org.jsmart.zerocode.jupiter.listener.ZeroCodeTestReportJupiterListener - JUnit5 *responseTimeStamp:2024-01-25T19:24:12.730827, 
JUnit Response:
--------- TEST-STEP-CORRELATION-ID: 8f122007-82cd-4556-ba9b-df17b36cd924 ---------
2024-01-25 19:24:12,731 [pool-3-thread-28] INFO  org.jsmart.zerocode.jupiter.listener.ZeroCodeTestReportJupiterListener - JUnit5 *requestTimeStamp:2024-01-25T19:24:12.731195, 
JUnit Request:
--------- TEST-STEP-CORRELATION-ID: 9218b6aa-ae91-4c16-8027-161188b3a308 ---------
2024-01-25 19:24:12,716 [pool-3-thread-10] INFO  org.jsmart.zerocode.jupiter.listener.ZeroCodeTestReportJupiterListener - JUnit5 *responseTimeStamp:2024-01-25T19:24:12.716988, 
JUnit Response:
--------- TEST-STEP-CORRELATION-ID: 3d92f68f-0990-4b26-8d71-53799109b425 ---------
2024-01-25 19:24:12,731 [pool-3-thread-43] INFO  org.jsmart.zerocode.jupiter.listener.ZeroCodeTestReportJupiterListener - JUnit5 *requestTimeStamp:2024-01-25T19:24:12.731633, 
JUnit Request:
--------- TEST-STEP-CORRELATION-ID: 198a98b8-1583-4158-a205-6b4a88dda9f4 ---------
2024-01-25 19:24:12,727 [pool-3-thread-48] INFO  org.jsmart.zerocode.jupiter.listener.ZeroCodeTestReportJupiterListener - JUnit5 *responseTimeStamp:2024-01-25T19:24:12.727349, 
JUnit Response:
--------- TEST-STEP-CORRELATION-ID: 14cce1cf-2e97-4aec-9e9c-6e71caef7f96 ---------
2024-01-25 19:24:12,732 [pool-3-thread-40] INFO  org.jsmart.zerocode.jupiter.listener.ZeroCodeTestReportJupiterListener - JUnit5 *requestTimeStamp:2024-01-25T19:24:12.732829, 
JUnit Request:
--------- TEST-STEP-CORRELATION-ID: 7db2974a-6a3f-430f-b6e2-b064ebaca085 ---------
2024-01-25 19:24:12,733 [pool-3-thread-39] INFO  org.jsmart.zerocode.jupiter.listener.ZeroCodeTestReportJupiterListener - JUnit5 *requestTimeStamp:2024-01-25T19:24:12.733241, 
JUnit Request:
--------- TEST-STEP-CORRELATION-ID: 2786aa05-a40a-4485-8318-ef9b662e3a18 ---------
2024-01-25 19:24:12,733 [pool-3-thread-40] INFO  org.jsmart.zerocode.jupiter.listener.ZeroCodeTestReportJupiterListener - JUnit5 *responseTimeStamp:2024-01-25T19:24:12.733776, 
JUnit Response:
--------- TEST-STEP-CORRELATION-ID: 7db2974a-6a3f-430f-b6e2-b064ebaca085 ---------
2024-01-25 19:24:12,734 [pool-3-thread-43] INFO  org.jsmart.zerocode.jupiter.listener.ZeroCodeTestReportJupiterListener - JUnit5 *responseTimeStamp:2024-01-25T19:24:12.734376, 
JUnit Response:
--------- TEST-STEP-CORRELATION-ID: 198a98b8-1583-4158-a205-6b4a88dda9f4 ---------
2024-01-25 19:24:12,734 [pool-3-thread-33] INFO  org.jsmart.zerocode.jupiter.listener.ZeroCodeTestReportJupiterListener - JUnit5 *requestTimeStamp:2024-01-25T19:24:12.734571, 
JUnit Request:
--------- TEST-STEP-CORRELATION-ID: 8a72c65c-e7fe-42b4-bd4c-54dc68ca8ba5 ---------
2024-01-25 19:24:12,735 [pool-3-thread-39] INFO  org.jsmart.zerocode.jupiter.listener.ZeroCodeTestReportJupiterListener - JUnit5 *responseTimeStamp:2024-01-25T19:24:12.735163, 
JUnit Response:
--------- TEST-STEP-CORRELATION-ID: 2786aa05-a40a-4485-8318-ef9b662e3a18 ---------
2024-01-25 19:24:12,727 [pool-3-thread-24] INFO  org.jsmart.zerocode.jupiter.listener.ZeroCodeTestReportJupiterListener - JUnit5 *responseTimeStamp:2024-01-25T19:24:12.727216, 
JUnit Response:
--------- TEST-STEP-CORRELATION-ID: 80d56303-57b5-4305-b0ba-86439300c378 ---------
2024-01-25 19:24:12,735 [pool-3-thread-28] INFO  org.jsmart.zerocode.jupiter.listener.ZeroCodeTestReportJupiterListener - JUnit5 *responseTimeStamp:2024-01-25T19:24:12.735889, 
JUnit Response:
--------- TEST-STEP-CORRELATION-ID: 9218b6aa-ae91-4c16-8027-161188b3a308 ---------
2024-01-25 19:24:12,727 [pool-3-thread-9] INFO  org.jsmart.zerocode.jupiter.listener.ZeroCodeTestReportJupiterListener - JUnit5 *requestTimeStamp:2024-01-25T19:24:12.727111, 
JUnit Request:
--------- TEST-STEP-CORRELATION-ID: f8e3bf18-dd12-40a6-866c-089368ff8f1c ---------
2024-01-25 19:24:12,738 [pool-3-thread-9] INFO  org.jsmart.zerocode.jupiter.listener.ZeroCodeTestReportJupiterListener - JUnit5 *responseTimeStamp:2024-01-25T19:24:12.738108, 
JUnit Response:
--------- TEST-STEP-CORRELATION-ID: f8e3bf18-dd12-40a6-866c-089368ff8f1c ---------
2024-01-25 19:24:12,738 [pool-3-thread-32] INFO  org.jsmart.zerocode.jupiter.listener.ZeroCodeTestReportJupiterListener - JUnit5 *requestTimeStamp:2024-01-25T19:24:12.738230, 
JUnit Request:
--------- TEST-STEP-CORRELATION-ID: ae06130a-efe2-4985-bbdc-d258363695e5 ---------
2024-01-25 19:24:12,739 [pool-3-thread-5] INFO  org.jsmart.zerocode.jupiter.listener.ZeroCodeTestReportJupiterListener - JUnit5 *requestTimeStamp:2024-01-25T19:24:12.739203, 
JUnit Request:
--------- TEST-STEP-CORRELATION-ID: f696daeb-fa68-4d0a-acfe-3e979126d164 ---------
2024-01-25 19:24:12,735 [pool-3-thread-14] INFO  org.jsmart.zerocode.jupiter.listener.ZeroCodeTestReportJupiterListener - JUnit5 *responseTimeStamp:2024-01-25T19:24:12.735951, 
JUnit Response:
--------- TEST-STEP-CORRELATION-ID: 3db9b51b-af25-4f95-bae7-809bf3d22ec9 ---------
2024-01-25 19:24:12,739 [pool-3-thread-5] INFO  org.jsmart.zerocode.jupiter.listener.ZeroCodeTestReportJupiterListener - JUnit5 *responseTimeStamp:2024-01-25T19:24:12.739966, 
JUnit Response:
--------- TEST-STEP-CORRELATION-ID: f696daeb-fa68-4d0a-acfe-3e979126d164 ---------
2024-01-25 19:24:12,739 [pool-3-thread-1] INFO  org.jsmart.zerocode.jupiter.listener.ZeroCodeTestReportJupiterListener - JUnit5 *requestTimeStamp:2024-01-25T19:24:12.739750, 
JUnit Request:
--------- TEST-STEP-CORRELATION-ID: c2435b62-65c4-44fc-a063-bd045436a8a2 ---------
2024-01-25 19:24:12,740 [pool-3-thread-34] INFO  org.jsmart.zerocode.jupiter.listener.ZeroCodeTestReportJupiterListener - JUnit5 *requestTimeStamp:2024-01-25T19:24:12.740971, 
JUnit Request:
--------- TEST-STEP-CORRELATION-ID: 5be8e2bd-13b1-4c57-8686-8b391679c4c4 ---------
2024-01-25 19:24:12,735 [pool-3-thread-33] INFO  org.jsmart.zerocode.jupiter.listener.ZeroCodeTestReportJupiterListener - JUnit5 *responseTimeStamp:2024-01-25T19:24:12.735359, 
JUnit Response:
--------- TEST-STEP-CORRELATION-ID: 8a72c65c-e7fe-42b4-bd4c-54dc68ca8ba5 ---------
2024-01-25 19:24:12,741 [pool-3-thread-1] INFO  org.jsmart.zerocode.jupiter.listener.ZeroCodeTestReportJupiterListener - JUnit5 *responseTimeStamp:2024-01-25T19:24:12.741617, 
JUnit Response:
--------- TEST-STEP-CORRELATION-ID: c2435b62-65c4-44fc-a063-bd045436a8a2 ---------
2024-01-25 19:24:12,732 [pool-3-thread-16] INFO  org.jsmart.zerocode.jupiter.listener.ZeroCodeTestReportJupiterListener - JUnit5 *requestTimeStamp:2024-01-25T19:24:12.732323, 
JUnit Request:
--------- TEST-STEP-CORRELATION-ID: c8a1520d-8942-416d-8dd6-dcd39e31a793 ---------
2024-01-25 19:24:12,743 [pool-3-thread-34] INFO  org.jsmart.zerocode.jupiter.listener.ZeroCodeTestReportJupiterListener - JUnit5 *responseTimeStamp:2024-01-25T19:24:12.743266, 
JUnit Response:
--------- TEST-STEP-CORRELATION-ID: 5be8e2bd-13b1-4c57-8686-8b391679c4c4 ---------
2024-01-25 19:24:12,744 [pool-3-thread-11] INFO  org.jsmart.zerocode.jupiter.listener.ZeroCodeTestReportJupiterListener - JUnit5 *requestTimeStamp:2024-01-25T19:24:12.744104, 
JUnit Request:
--------- TEST-STEP-CORRELATION-ID: 4da7f306-6a68-4328-822f-eed8acb951e2 ---------
2024-01-25 19:24:12,744 [pool-3-thread-27] INFO  org.jsmart.zerocode.jupiter.listener.ZeroCodeTestReportJupiterListener - JUnit5 *requestTimeStamp:2024-01-25T19:24:12.744297, 
JUnit Request:
--------- TEST-STEP-CORRELATION-ID: e422fc08-8a84-4561-b38f-aa1c1d92820e ---------
2024-01-25 19:24:12,744 [pool-3-thread-16] INFO  org.jsmart.zerocode.jupiter.listener.ZeroCodeTestReportJupiterListener - JUnit5 *responseTimeStamp:2024-01-25T19:24:12.744674, 
JUnit Response:
--------- TEST-STEP-CORRELATION-ID: c8a1520d-8942-416d-8dd6-dcd39e31a793 ---------
2024-01-25 19:24:12,740 [pool-3-thread-31] INFO  org.jsmart.zerocode.jupiter.listener.ZeroCodeTestReportJupiterListener - JUnit5 *requestTimeStamp:2024-01-25T19:24:12.740003, 
JUnit Request:
--------- TEST-STEP-CORRELATION-ID: 4f12705b-f8dd-40db-81a4-ae52fc1cb812 ---------
2024-01-25 19:24:12,745 [pool-3-thread-2] INFO  org.jsmart.zerocode.jupiter.listener.ZeroCodeTestReportJupiterListener - JUnit5 *requestTimeStamp:2024-01-25T19:24:12.745629, 
JUnit Request:
--------- TEST-STEP-CORRELATION-ID: 3681bc81-4ee6-4464-b4d6-428e407bf5eb ---------
2024-01-25 19:24:12,746 [pool-3-thread-49] INFO  org.jsmart.zerocode.jupiter.listener.ZeroCodeTestReportJupiterListener - JUnit5 *requestTimeStamp:2024-01-25T19:24:12.746249, 
JUnit Request:
--------- TEST-STEP-CORRELATION-ID: 34262637-27f5-4a3a-a545-508ffcce4fee ---------
2024-01-25 19:24:12,746 [pool-3-thread-27] INFO  org.jsmart.zerocode.jupiter.listener.ZeroCodeTestReportJupiterListener - JUnit5 *responseTimeStamp:2024-01-25T19:24:12.746347, 
JUnit Response:
--------- TEST-STEP-CORRELATION-ID: e422fc08-8a84-4561-b38f-aa1c1d92820e ---------
2024-01-25 19:24:12,746 [pool-3-thread-2] INFO  org.jsmart.zerocode.jupiter.listener.ZeroCodeTestReportJupiterListener - JUnit5 *responseTimeStamp:2024-01-25T19:24:12.746770, 
JUnit Response:
--------- TEST-STEP-CORRELATION-ID: 3681bc81-4ee6-4464-b4d6-428e407bf5eb ---------
2024-01-25 19:24:12,746 [pool-3-thread-11] INFO  org.jsmart.zerocode.jupiter.listener.ZeroCodeTestReportJupiterListener - JUnit5 *responseTimeStamp:2024-01-25T19:24:12.746916, 
JUnit Response:
--------- TEST-STEP-CORRELATION-ID: 4da7f306-6a68-4328-822f-eed8acb951e2 ---------
2024-01-25 19:24:12,739 [pool-3-thread-6] INFO  org.jsmart.zerocode.jupiter.listener.ZeroCodeTestReportJupiterListener - JUnit5 *requestTimeStamp:2024-01-25T19:24:12.739695, 
JUnit Request:
--------- TEST-STEP-CORRELATION-ID: 2f85a505-b247-4d1f-8c6f-d406417573aa ---------
2024-01-25 19:24:12,739 [pool-3-thread-32] INFO  org.jsmart.zerocode.jupiter.listener.ZeroCodeTestReportJupiterListener - JUnit5 *responseTimeStamp:2024-01-25T19:24:12.739272, 
JUnit Response:
--------- TEST-STEP-CORRELATION-ID: ae06130a-efe2-4985-bbdc-d258363695e5 ---------
2024-01-25 19:24:12,748 [pool-3-thread-41] INFO  org.jsmart.zerocode.jupiter.listener.ZeroCodeTestReportJupiterListener - JUnit5 *requestTimeStamp:2024-01-25T19:24:12.748889, 
JUnit Request:
--------- TEST-STEP-CORRELATION-ID: 581db805-cee5-4aa0-bb09-113c7917448e ---------
2024-01-25 19:24:12,747 [pool-3-thread-31] INFO  org.jsmart.zerocode.jupiter.listener.ZeroCodeTestReportJupiterListener - JUnit5 *responseTimeStamp:2024-01-25T19:24:12.747888, 
JUnit Response:
--------- TEST-STEP-CORRELATION-ID: 4f12705b-f8dd-40db-81a4-ae52fc1cb812 ---------
2024-01-25 19:24:12,749 [pool-3-thread-41] INFO  org.jsmart.zerocode.jupiter.listener.ZeroCodeTestReportJupiterListener - JUnit5 *responseTimeStamp:2024-01-25T19:24:12.749801, 
JUnit Response:
--------- TEST-STEP-CORRELATION-ID: 581db805-cee5-4aa0-bb09-113c7917448e ---------
2024-01-25 19:24:12,750 [pool-3-thread-6] INFO  org.jsmart.zerocode.jupiter.listener.ZeroCodeTestReportJupiterListener - JUnit5 *responseTimeStamp:2024-01-25T19:24:12.750300, 
JUnit Response:
--------- TEST-STEP-CORRELATION-ID: 2f85a505-b247-4d1f-8c6f-d406417573aa ---------
2024-01-25 19:24:12,744 [pool-3-thread-36] INFO  org.jsmart.zerocode.jupiter.listener.ZeroCodeTestReportJupiterListener - JUnit5 *requestTimeStamp:2024-01-25T19:24:12.744220, 
JUnit Request:
--------- TEST-STEP-CORRELATION-ID: 6ad0c197-3710-436a-8bb7-cf3c46fe2c81 ---------
2024-01-25 19:24:12,753 [pool-3-thread-36] INFO  org.jsmart.zerocode.jupiter.listener.ZeroCodeTestReportJupiterListener - JUnit5 *responseTimeStamp:2024-01-25T19:24:12.753686, 
JUnit Response:
--------- TEST-STEP-CORRELATION-ID: 6ad0c197-3710-436a-8bb7-cf3c46fe2c81 ---------
2024-01-25 19:24:12,814 [pool-3-thread-7] INFO  org.jsmart.zerocode.jupiter.listener.ZeroCodeTestReportJupiterListener - JUnit5 *requestTimeStamp:2024-01-25T19:24:12.814297, 
JUnit Request:
--------- TEST-STEP-CORRELATION-ID: 064c431c-69a7-46f6-968c-dc54b586ca7e ---------
2024-01-25 19:24:12,814 [pool-3-thread-3] INFO  org.jsmart.zerocode.jupiter.listener.ZeroCodeTestReportJupiterListener - JUnit5 *requestTimeStamp:2024-01-25T19:24:12.814532, 
JUnit Request:
--------- TEST-STEP-CORRELATION-ID: f231645d-c8fb-4c3a-9e52-ba8dcf0d766a ---------
2024-01-25 19:24:12,814 [pool-3-thread-4] INFO  org.jsmart.zerocode.jupiter.listener.ZeroCodeTestReportJupiterListener - JUnit5 *requestTimeStamp:2024-01-25T19:24:12.814839, 
JUnit Request:
--------- TEST-STEP-CORRELATION-ID: 9d19be46-a0be-46fb-811d-6306dd3acefc ---------
2024-01-25 19:24:12,815 [pool-3-thread-3] INFO  org.jsmart.zerocode.jupiter.listener.ZeroCodeTestReportJupiterListener - JUnit5 *responseTimeStamp:2024-01-25T19:24:12.815531, 
JUnit Response:
--------- TEST-STEP-CORRELATION-ID: f231645d-c8fb-4c3a-9e52-ba8dcf0d766a ---------
2024-01-25 19:24:12,815 [pool-3-thread-4] INFO  org.jsmart.zerocode.jupiter.listener.ZeroCodeTestReportJupiterListener - JUnit5 *responseTimeStamp:2024-01-25T19:24:12.815779, 
JUnit Response:
--------- TEST-STEP-CORRELATION-ID: 9d19be46-a0be-46fb-811d-6306dd3acefc ---------
2024-01-25 19:24:12,815 [pool-3-thread-7] INFO  org.jsmart.zerocode.jupiter.listener.ZeroCodeTestReportJupiterListener - JUnit5 *responseTimeStamp:2024-01-25T19:24:12.815911, 
JUnit Response:
--------- TEST-STEP-CORRELATION-ID: 064c431c-69a7-46f6-968c-dc54b586ca7e ---------
2024-01-25 19:24:12,818 [pool-3-thread-38] INFO  org.jsmart.zerocode.jupiter.listener.ZeroCodeTestReportJupiterListener - JUnit5 *requestTimeStamp:2024-01-25T19:24:12.818871, 
JUnit Request:
--------- TEST-STEP-CORRELATION-ID: b61739a5-f919-44ee-b230-abf54492ebba ---------
2024-01-25 19:24:12,819 [pool-3-thread-46] INFO  org.jsmart.zerocode.jupiter.listener.ZeroCodeTestReportJupiterListener - JUnit5 *requestTimeStamp:2024-01-25T19:24:12.819700, 
JUnit Request:
--------- TEST-STEP-CORRELATION-ID: eb7c90a1-0de3-4653-9867-c57a3efa9246 ---------
2024-01-25 19:24:12,820 [pool-3-thread-35] INFO  org.jsmart.zerocode.jupiter.listener.ZeroCodeTestReportJupiterListener - JUnit5 *requestTimeStamp:2024-01-25T19:24:12.820303, 
JUnit Request:
--------- TEST-STEP-CORRELATION-ID: 2ed71f5a-0428-4f6c-bbb9-edf142f169c7 ---------
2024-01-25 19:24:12,820 [pool-3-thread-45] INFO  org.jsmart.zerocode.jupiter.listener.ZeroCodeTestReportJupiterListener - JUnit5 *requestTimeStamp:2024-01-25T19:24:12.820438, 
JUnit Request:
--------- TEST-STEP-CORRELATION-ID: dc9ca70b-67b7-45c7-a310-c7e72045b1de ---------
2024-01-25 19:24:12,819 [pool-3-thread-38] INFO  org.jsmart.zerocode.jupiter.listener.ZeroCodeTestReportJupiterListener - JUnit5 *responseTimeStamp:2024-01-25T19:24:12.819765, 
JUnit Response:
--------- TEST-STEP-CORRELATION-ID: b61739a5-f919-44ee-b230-abf54492ebba ---------
2024-01-25 19:24:12,821 [pool-3-thread-46] INFO  org.jsmart.zerocode.jupiter.listener.ZeroCodeTestReportJupiterListener - JUnit5 *responseTimeStamp:2024-01-25T19:24:12.821146, 
JUnit Response:
--------- TEST-STEP-CORRELATION-ID: eb7c90a1-0de3-4653-9867-c57a3efa9246 ---------
2024-01-25 19:24:12,821 [pool-3-thread-45] INFO  org.jsmart.zerocode.jupiter.listener.ZeroCodeTestReportJupiterListener - JUnit5 *responseTimeStamp:2024-01-25T19:24:12.821284, 
JUnit Response:
--------- TEST-STEP-CORRELATION-ID: dc9ca70b-67b7-45c7-a310-c7e72045b1de ---------
2024-01-25 19:24:12,821 [pool-3-thread-35] INFO  org.jsmart.zerocode.jupiter.listener.ZeroCodeTestReportJupiterListener - JUnit5 *responseTimeStamp:2024-01-25T19:24:12.821824, 
JUnit Response:
--------- TEST-STEP-CORRELATION-ID: 2ed71f5a-0428-4f6c-bbb9-edf142f169c7 ---------
2024-01-25 19:24:12,822 [pool-3-thread-15] INFO  org.jsmart.zerocode.jupiter.listener.ZeroCodeTestReportJupiterListener - JUnit5 *requestTimeStamp:2024-01-25T19:24:12.822327, 
JUnit Request:
--------- TEST-STEP-CORRELATION-ID: 47317acb-1c10-4f98-95f9-34f385631c8d ---------
2024-01-25 19:24:12,823 [pool-3-thread-15] INFO  org.jsmart.zerocode.jupiter.listener.ZeroCodeTestReportJupiterListener - JUnit5 *responseTimeStamp:2024-01-25T19:24:12.823352, 
JUnit Response:
--------- TEST-STEP-CORRELATION-ID: 47317acb-1c10-4f98-95f9-34f385631c8d ---------
2024-01-25 19:24:12,826 [pool-3-thread-13] INFO  org.jsmart.zerocode.jupiter.listener.ZeroCodeTestReportJupiterListener - JUnit5 *requestTimeStamp:2024-01-25T19:24:12.826002, 
JUnit Request:
--------- TEST-STEP-CORRELATION-ID: 83c36136-2552-47e8-b497-0aa7c1b13628 ---------
2024-01-25 19:24:12,826 [pool-3-thread-25] INFO  org.jsmart.zerocode.jupiter.listener.ZeroCodeTestReportJupiterListener - JUnit5 *requestTimeStamp:2024-01-25T19:24:12.826531, 
JUnit Request:
--------- TEST-STEP-CORRELATION-ID: 71100ad8-973f-4307-bc7e-f5a52b421184 ---------
2024-01-25 19:24:12,827 [pool-3-thread-13] INFO  org.jsmart.zerocode.jupiter.listener.ZeroCodeTestReportJupiterListener - JUnit5 *responseTimeStamp:2024-01-25T19:24:12.827596, 
JUnit Response:
--------- TEST-STEP-CORRELATION-ID: 83c36136-2552-47e8-b497-0aa7c1b13628 ---------
2024-01-25 19:24:12,827 [pool-3-thread-18] INFO  org.jsmart.zerocode.jupiter.listener.ZeroCodeTestReportJupiterListener - JUnit5 *requestTimeStamp:2024-01-25T19:24:12.827889, 
JUnit Request:
--------- TEST-STEP-CORRELATION-ID: 80442d49-6148-4994-af2c-eeb709d81297 ---------
2024-01-25 19:24:12,827 [pool-3-thread-21] INFO  org.jsmart.zerocode.jupiter.listener.ZeroCodeTestReportJupiterListener - JUnit5 *requestTimeStamp:2024-01-25T19:24:12.827965, 
JUnit Request:
--------- TEST-STEP-CORRELATION-ID: eccb0bc7-4344-4d6c-b4c7-19d3476cd940 ---------
2024-01-25 19:24:12,828 [pool-3-thread-18] INFO  org.jsmart.zerocode.jupiter.listener.ZeroCodeTestReportJupiterListener - JUnit5 *responseTimeStamp:2024-01-25T19:24:12.828470, 
JUnit Response:
--------- TEST-STEP-CORRELATION-ID: 80442d49-6148-4994-af2c-eeb709d81297 ---------
2024-01-25 19:24:12,829 [pool-3-thread-26] INFO  org.jsmart.zerocode.jupiter.listener.ZeroCodeTestReportJupiterListener - JUnit5 *requestTimeStamp:2024-01-25T19:24:12.829601, 
JUnit Request:
--------- TEST-STEP-CORRELATION-ID: 6969ab14-b6b0-4b13-beba-4488378aa2e9 ---------
2024-01-25 19:24:12,828 [pool-3-thread-21] INFO  org.jsmart.zerocode.jupiter.listener.ZeroCodeTestReportJupiterListener - JUnit5 *responseTimeStamp:2024-01-25T19:24:12.828525, 
JUnit Response:
--------- TEST-STEP-CORRELATION-ID: eccb0bc7-4344-4d6c-b4c7-19d3476cd940 ---------
2024-01-25 19:24:12,827 [pool-3-thread-25] INFO  org.jsmart.zerocode.jupiter.listener.ZeroCodeTestReportJupiterListener - JUnit5 *responseTimeStamp:2024-01-25T19:24:12.827940, 
JUnit Response:
--------- TEST-STEP-CORRELATION-ID: 71100ad8-973f-4307-bc7e-f5a52b421184 ---------
2024-01-25 19:24:12,831 [pool-3-thread-26] INFO  org.jsmart.zerocode.jupiter.listener.ZeroCodeTestReportJupiterListener - JUnit5 *responseTimeStamp:2024-01-25T19:24:12.831242, 
JUnit Response:
--------- TEST-STEP-CORRELATION-ID: 6969ab14-b6b0-4b13-beba-4488378aa2e9 ---------
2024-01-25 19:24:12,832 [pool-3-thread-47] INFO  org.jsmart.zerocode.jupiter.listener.ZeroCodeTestReportJupiterListener - JUnit5 *requestTimeStamp:2024-01-25T19:24:12.832891, 
JUnit Request:
--------- TEST-STEP-CORRELATION-ID: 96d024c1-a86c-447a-9724-8465d61a9782 ---------
2024-01-25 19:24:12,834 [pool-3-thread-50] INFO  org.jsmart.zerocode.jupiter.listener.ZeroCodeTestReportJupiterListener - JUnit5 *requestTimeStamp:2024-01-25T19:24:12.833995, 
JUnit Request:
--------- TEST-STEP-CORRELATION-ID: 87eee474-8725-44c6-8197-d03b5cab8159 ---------
2024-01-25 19:24:12,834 [pool-3-thread-19] INFO  org.jsmart.zerocode.jupiter.listener.ZeroCodeTestReportJupiterListener - JUnit5 *requestTimeStamp:2024-01-25T19:24:12.834461, 
JUnit Request:
--------- TEST-STEP-CORRELATION-ID: 6419dad9-59be-425c-b457-03d2b502cc58 ---------
2024-01-25 19:24:12,834 [pool-3-thread-42] INFO  org.jsmart.zerocode.jupiter.listener.ZeroCodeTestReportJupiterListener - JUnit5 *requestTimeStamp:2024-01-25T19:24:12.834803, 
JUnit Request:
--------- TEST-STEP-CORRELATION-ID: d6158029-a5cf-48e4-840e-48cd0c924a68 ---------
2024-01-25 19:24:12,835 [pool-3-thread-19] INFO  org.jsmart.zerocode.jupiter.listener.ZeroCodeTestReportJupiterListener - JUnit5 *responseTimeStamp:2024-01-25T19:24:12.835213, 
JUnit Response:
--------- TEST-STEP-CORRELATION-ID: 6419dad9-59be-425c-b457-03d2b502cc58 ---------
2024-01-25 19:24:12,835 [pool-3-thread-42] INFO  org.jsmart.zerocode.jupiter.listener.ZeroCodeTestReportJupiterListener - JUnit5 *responseTimeStamp:2024-01-25T19:24:12.835435, 
JUnit Response:
--------- TEST-STEP-CORRELATION-ID: d6158029-a5cf-48e4-840e-48cd0c924a68 ---------
2024-01-25 19:24:12,834 [pool-3-thread-47] INFO  org.jsmart.zerocode.jupiter.listener.ZeroCodeTestReportJupiterListener - JUnit5 *responseTimeStamp:2024-01-25T19:24:12.834469, 
JUnit Response:
--------- TEST-STEP-CORRELATION-ID: 96d024c1-a86c-447a-9724-8465d61a9782 ---------
2024-01-25 19:24:12,836 [pool-3-thread-50] INFO  org.jsmart.zerocode.jupiter.listener.ZeroCodeTestReportJupiterListener - JUnit5 *responseTimeStamp:2024-01-25T19:24:12.836599, 
JUnit Response:
--------- TEST-STEP-CORRELATION-ID: 87eee474-8725-44c6-8197-d03b5cab8159 ---------
2024-01-25 19:24:12,836 [pool-3-thread-22] INFO  org.jsmart.zerocode.jupiter.listener.ZeroCodeTestReportJupiterListener - JUnit5 *requestTimeStamp:2024-01-25T19:24:12.836651, 
JUnit Request:
--------- TEST-STEP-CORRELATION-ID: 92dd3998-d158-4840-9037-f974c8a041a8 ---------
2024-01-25 19:24:12,838 [pool-3-thread-22] INFO  org.jsmart.zerocode.jupiter.listener.ZeroCodeTestReportJupiterListener - JUnit5 *responseTimeStamp:2024-01-25T19:24:12.838861, 
JUnit Response:
--------- TEST-STEP-CORRELATION-ID: 92dd3998-d158-4840-9037-f974c8a041a8 ---------
2024-01-25 19:24:12,839 [pool-3-thread-23] INFO  org.jsmart.zerocode.jupiter.listener.ZeroCodeTestReportJupiterListener - JUnit5 *requestTimeStamp:2024-01-25T19:24:12.839862, 
JUnit Request:
--------- TEST-STEP-CORRELATION-ID: 68c1e622-076d-451d-95d2-46ac143eb370 ---------
2024-01-25 19:24:12,840 [pool-3-thread-23] INFO  org.jsmart.zerocode.jupiter.listener.ZeroCodeTestReportJupiterListener - JUnit5 *responseTimeStamp:2024-01-25T19:24:12.840803, 
JUnit Response:
--------- TEST-STEP-CORRELATION-ID: 68c1e622-076d-451d-95d2-46ac143eb370 ---------
2024-01-25 19:24:12,839 [pool-3-thread-44] INFO  org.jsmart.zerocode.jupiter.listener.ZeroCodeTestReportJupiterListener - JUnit5 *requestTimeStamp:2024-01-25T19:24:12.839675, 
JUnit Request:
--------- TEST-STEP-CORRELATION-ID: 8962e657-a579-4854-8243-7110a552a110 ---------
2024-01-25 19:24:12,841 [pool-3-thread-30] INFO  org.jsmart.zerocode.jupiter.listener.ZeroCodeTestReportJupiterListener - JUnit5 *requestTimeStamp:2024-01-25T19:24:12.841500, 
JUnit Request:
--------- TEST-STEP-CORRELATION-ID: 9f2e2aa5-6f24-4d43-81ef-4735e7e34507 ---------
2024-01-25 19:24:12,842 [pool-3-thread-12] INFO  org.jsmart.zerocode.jupiter.listener.ZeroCodeTestReportJupiterListener - JUnit5 *requestTimeStamp:2024-01-25T19:24:12.842784, 
JUnit Request:
--------- TEST-STEP-CORRELATION-ID: 76124b26-4f0f-4e00-bbc1-61415e6c4d43 ---------
2024-01-25 19:24:12,843 [pool-3-thread-30] INFO  org.jsmart.zerocode.jupiter.listener.ZeroCodeTestReportJupiterListener - JUnit5 *responseTimeStamp:2024-01-25T19:24:12.843194, 
JUnit Response:
--------- TEST-STEP-CORRELATION-ID: 9f2e2aa5-6f24-4d43-81ef-4735e7e34507 ---------
2024-01-25 19:24:12,843 [pool-3-thread-44] INFO  org.jsmart.zerocode.jupiter.listener.ZeroCodeTestReportJupiterListener - JUnit5 *responseTimeStamp:2024-01-25T19:24:12.843342, 
JUnit Response:
--------- TEST-STEP-CORRELATION-ID: 8962e657-a579-4854-8243-7110a552a110 ---------
2024-01-25 19:24:12,845 [pool-3-thread-20] INFO  org.jsmart.zerocode.jupiter.listener.ZeroCodeTestReportJupiterListener - JUnit5 *requestTimeStamp:2024-01-25T19:24:12.845078, 
JUnit Request:
--------- TEST-STEP-CORRELATION-ID: 0fde9e2a-eb1c-4a5d-bf78-7de485caba8d ---------
2024-01-25 19:24:12,845 [pool-3-thread-43] INFO  org.jsmart.zerocode.jupiter.listener.ZeroCodeTestReportJupiterListener - JUnit5 *requestTimeStamp:2024-01-25T19:24:12.845674, 
JUnit Request:
--------- TEST-STEP-CORRELATION-ID: 7997570c-b891-4a30-82b5-7039ec0c6fec ---------
2024-01-25 19:24:12,847 [pool-3-thread-43] INFO  org.jsmart.zerocode.jupiter.listener.ZeroCodeTestReportJupiterListener - JUnit5 *responseTimeStamp:2024-01-25T19:24:12.847260, 
JUnit Response:
--------- TEST-STEP-CORRELATION-ID: 7997570c-b891-4a30-82b5-7039ec0c6fec ---------
2024-01-25 19:24:12,847 [pool-3-thread-20] INFO  org.jsmart.zerocode.jupiter.listener.ZeroCodeTestReportJupiterListener - JUnit5 *responseTimeStamp:2024-01-25T19:24:12.847326, 
JUnit Response:
--------- TEST-STEP-CORRELATION-ID: 0fde9e2a-eb1c-4a5d-bf78-7de485caba8d ---------
2024-01-25 19:24:12,849 [pool-3-thread-28] INFO  org.jsmart.zerocode.jupiter.listener.ZeroCodeTestReportJupiterListener - JUnit5 *requestTimeStamp:2024-01-25T19:24:12.849283, 
JUnit Request:
--------- TEST-STEP-CORRELATION-ID: a40b2c9e-6b26-40f3-9dd0-60e5a2bb012f ---------
2024-01-25 19:24:12,849 [pool-3-thread-40] INFO  org.jsmart.zerocode.jupiter.listener.ZeroCodeTestReportJupiterListener - JUnit5 *requestTimeStamp:2024-01-25T19:24:12.849643, 
JUnit Request:
--------- TEST-STEP-CORRELATION-ID: 299f97be-3451-4ebd-b3e1-300698413fe6 ---------
2024-01-25 19:24:12,850 [pool-3-thread-28] INFO  org.jsmart.zerocode.jupiter.listener.ZeroCodeTestReportJupiterListener - JUnit5 *responseTimeStamp:2024-01-25T19:24:12.850625, 
JUnit Response:
--------- TEST-STEP-CORRELATION-ID: a40b2c9e-6b26-40f3-9dd0-60e5a2bb012f ---------
2024-01-25 19:24:12,851 [pool-3-thread-40] INFO  org.jsmart.zerocode.jupiter.listener.ZeroCodeTestReportJupiterListener - JUnit5 *responseTimeStamp:2024-01-25T19:24:12.851200, 
JUnit Response:
--------- TEST-STEP-CORRELATION-ID: 299f97be-3451-4ebd-b3e1-300698413fe6 ---------
2024-01-25 19:24:12,849 [pool-3-thread-24] INFO  org.jsmart.zerocode.jupiter.listener.ZeroCodeTestReportJupiterListener - JUnit5 *requestTimeStamp:2024-01-25T19:24:12.849684, 
JUnit Request:
--------- TEST-STEP-CORRELATION-ID: 011b7db6-ba1a-4edc-a13a-bef6dd8e6e46 ---------
2024-01-25 19:24:12,852 [pool-3-thread-14] INFO  org.jsmart.zerocode.jupiter.listener.ZeroCodeTestReportJupiterListener - JUnit5 *requestTimeStamp:2024-01-25T19:24:12.852672, 
JUnit Request:
--------- TEST-STEP-CORRELATION-ID: dd9e1929-db8b-4153-8c8a-7081a23393da ---------
2024-01-25 19:24:12,852 [pool-3-thread-17] INFO  org.jsmart.zerocode.jupiter.listener.ZeroCodeTestReportJupiterListener - JUnit5 *requestTimeStamp:2024-01-25T19:24:12.852728, 
JUnit Request:
--------- TEST-STEP-CORRELATION-ID: 8c851abf-267f-4994-8b37-ad967451445f ---------
2024-01-25 19:24:12,854 [pool-3-thread-17] INFO  org.jsmart.zerocode.jupiter.listener.ZeroCodeTestReportJupiterListener - JUnit5 *responseTimeStamp:2024-01-25T19:24:12.854555, 
JUnit Response:
--------- TEST-STEP-CORRELATION-ID: 8c851abf-267f-4994-8b37-ad967451445f ---------
2024-01-25 19:24:12,855 [pool-3-thread-34] INFO  org.jsmart.zerocode.jupiter.listener.ZeroCodeTestReportJupiterListener - JUnit5 *requestTimeStamp:2024-01-25T19:24:12.854996, 
JUnit Request:
--------- TEST-STEP-CORRELATION-ID: 6b5857c6-b789-40f0-b0fc-551d02d80192 ---------
2024-01-25 19:24:12,855 [pool-3-thread-14] INFO  org.jsmart.zerocode.jupiter.listener.ZeroCodeTestReportJupiterListener - JUnit5 *responseTimeStamp:2024-01-25T19:24:12.855211, 
JUnit Response:
--------- TEST-STEP-CORRELATION-ID: dd9e1929-db8b-4153-8c8a-7081a23393da ---------
2024-01-25 19:24:12,856 [pool-3-thread-27] INFO  org.jsmart.zerocode.jupiter.listener.ZeroCodeTestReportJupiterListener - JUnit5 *requestTimeStamp:2024-01-25T19:24:12.856007, 
JUnit Request:
--------- TEST-STEP-CORRELATION-ID: e47114f8-9fac-4a66-a831-4dafeee1b736 ---------
2024-01-25 19:24:12,856 [pool-3-thread-34] INFO  org.jsmart.zerocode.jupiter.listener.ZeroCodeTestReportJupiterListener - JUnit5 *responseTimeStamp:2024-01-25T19:24:12.856402, 
JUnit Response:
--------- TEST-STEP-CORRELATION-ID: 6b5857c6-b789-40f0-b0fc-551d02d80192 ---------
2024-01-25 19:24:12,853 [pool-3-thread-24] INFO  org.jsmart.zerocode.jupiter.listener.ZeroCodeTestReportJupiterListener - JUnit5 *responseTimeStamp:2024-01-25T19:24:12.853469, 
JUnit Response:
--------- TEST-STEP-CORRELATION-ID: 011b7db6-ba1a-4edc-a13a-bef6dd8e6e46 ---------
2024-01-25 19:24:12,858 [pool-3-thread-27] INFO  org.jsmart.zerocode.jupiter.listener.ZeroCodeTestReportJupiterListener - JUnit5 *responseTimeStamp:2024-01-25T19:24:12.857997, 
JUnit Response:
--------- TEST-STEP-CORRELATION-ID: e47114f8-9fac-4a66-a831-4dafeee1b736 ---------
2024-01-25 19:24:12,858 [pool-3-thread-9] INFO  org.jsmart.zerocode.jupiter.listener.ZeroCodeTestReportJupiterListener - JUnit5 *requestTimeStamp:2024-01-25T19:24:12.858626, 
JUnit Request:
--------- TEST-STEP-CORRELATION-ID: 53fcd32c-84f4-449f-9198-ed1095a5f478 ---------
2024-01-25 19:24:12,858 [pool-3-thread-2] INFO  org.jsmart.zerocode.jupiter.listener.ZeroCodeTestReportJupiterListener - JUnit5 *requestTimeStamp:2024-01-25T19:24:12.858755, 
JUnit Request:
--------- TEST-STEP-CORRELATION-ID: 705e9440-73e5-4da9-826d-a270d568f68c ---------
2024-01-25 19:24:12,859 [pool-3-thread-33] INFO  org.jsmart.zerocode.jupiter.listener.ZeroCodeTestReportJupiterListener - JUnit5 *requestTimeStamp:2024-01-25T19:24:12.859216, 
JUnit Request:
--------- TEST-STEP-CORRELATION-ID: 13fbfa77-4577-4418-b6e1-c0f4f5d2f8c3 ---------
2024-01-25 19:24:12,859 [pool-3-thread-9] INFO  org.jsmart.zerocode.jupiter.listener.ZeroCodeTestReportJupiterListener - JUnit5 *responseTimeStamp:2024-01-25T19:24:12.859369, 
JUnit Response:
--------- TEST-STEP-CORRELATION-ID: 53fcd32c-84f4-449f-9198-ed1095a5f478 ---------
2024-01-25 19:24:12,859 [pool-3-thread-2] INFO  org.jsmart.zerocode.jupiter.listener.ZeroCodeTestReportJupiterListener - JUnit5 *responseTimeStamp:2024-01-25T19:24:12.859446, 
JUnit Response:
--------- TEST-STEP-CORRELATION-ID: 705e9440-73e5-4da9-826d-a270d568f68c ---------
2024-01-25 19:24:12,859 [pool-3-thread-32] INFO  org.jsmart.zerocode.jupiter.listener.ZeroCodeTestReportJupiterListener - JUnit5 *requestTimeStamp:2024-01-25T19:24:12.859653, 
JUnit Request:
--------- TEST-STEP-CORRELATION-ID: 5de26883-cae5-433a-98ae-ec3a85fb08ea ---------
2024-01-25 19:24:12,859 [pool-3-thread-33] INFO  org.jsmart.zerocode.jupiter.listener.ZeroCodeTestReportJupiterListener - JUnit5 *responseTimeStamp:2024-01-25T19:24:12.859873, 
JUnit Response:
--------- TEST-STEP-CORRELATION-ID: 13fbfa77-4577-4418-b6e1-c0f4f5d2f8c3 ---------
2024-01-25 19:24:12,860 [pool-3-thread-48] INFO  org.jsmart.zerocode.jupiter.listener.ZeroCodeTestReportJupiterListener - JUnit5 *requestTimeStamp:2024-01-25T19:24:12.860039, 
JUnit Request:
--------- TEST-STEP-CORRELATION-ID: 2b0f1c53-2f08-4e42-b4ae-0b75eb8c90ef ---------
2024-01-25 19:24:12,856 [pool-3-thread-10] INFO  org.jsmart.zerocode.jupiter.listener.ZeroCodeTestReportJupiterListener - JUnit5 *requestTimeStamp:2024-01-25T19:24:12.856239, 
JUnit Request:
--------- TEST-STEP-CORRELATION-ID: e89f83db-9987-4fa9-a326-b68603ba9784 ---------
2024-01-25 19:24:12,860 [pool-3-thread-37] INFO  org.jsmart.zerocode.jupiter.listener.ZeroCodeTestReportJupiterListener - JUnit5 *requestTimeStamp:2024-01-25T19:24:12.860168, 
JUnit Request:
--------- TEST-STEP-CORRELATION-ID: eaf386b6-244e-43c5-878e-a5acf463c7ad ---------
2024-01-25 19:24:12,863 [pool-3-thread-37] INFO  org.jsmart.zerocode.jupiter.listener.ZeroCodeTestReportJupiterListener - JUnit5 *responseTimeStamp:2024-01-25T19:24:12.863545, 
JUnit Response:
--------- TEST-STEP-CORRELATION-ID: eaf386b6-244e-43c5-878e-a5acf463c7ad ---------
2024-01-25 19:24:12,863 [pool-3-thread-48] INFO  org.jsmart.zerocode.jupiter.listener.ZeroCodeTestReportJupiterListener - JUnit5 *responseTimeStamp:2024-01-25T19:24:12.862978, 
JUnit Response:
--------- TEST-STEP-CORRELATION-ID: 2b0f1c53-2f08-4e42-b4ae-0b75eb8c90ef ---------
2024-01-25 19:24:12,863 [pool-3-thread-41] INFO  org.jsmart.zerocode.jupiter.listener.ZeroCodeTestReportJupiterListener - JUnit5 *requestTimeStamp:2024-01-25T19:24:12.863216, 
JUnit Request:
--------- TEST-STEP-CORRELATION-ID: 8c943eed-562f-4663-b574-03f2bfa42bf8 ---------
2024-01-25 19:24:12,864 [pool-3-thread-10] INFO  org.jsmart.zerocode.jupiter.listener.ZeroCodeTestReportJupiterListener - JUnit5 *responseTimeStamp:2024-01-25T19:24:12.864277, 
JUnit Response:
--------- TEST-STEP-CORRELATION-ID: e89f83db-9987-4fa9-a326-b68603ba9784 ---------
2024-01-25 19:24:12,864 [pool-3-thread-41] INFO  org.jsmart.zerocode.jupiter.listener.ZeroCodeTestReportJupiterListener - JUnit5 *responseTimeStamp:2024-01-25T19:24:12.864630, 
JUnit Response:
--------- TEST-STEP-CORRELATION-ID: 8c943eed-562f-4663-b574-03f2bfa42bf8 ---------
2024-01-25 19:24:12,864 [pool-3-thread-39] INFO  org.jsmart.zerocode.jupiter.listener.ZeroCodeTestReportJupiterListener - JUnit5 *requestTimeStamp:2024-01-25T19:24:12.864739, 
JUnit Request:
--------- TEST-STEP-CORRELATION-ID: 2d7e93c9-b7ba-4436-86ab-eb51b469eae6 ---------
2024-01-25 19:24:12,865 [pool-3-thread-5] INFO  org.jsmart.zerocode.jupiter.listener.ZeroCodeTestReportJupiterListener - JUnit5 *requestTimeStamp:2024-01-25T19:24:12.865367, 
JUnit Request:
--------- TEST-STEP-CORRELATION-ID: 4e550729-7b76-4c57-9eb2-8ae099ddf838 ---------
[...]
2024-01-25 19:24:15,874 [pool-3-thread-8] INFO  org.jsmart.zerocode.jupiter.load.JupiterLoadProcessor - 
----------------------------------------------------------------------

2024-01-25 19:24:15,874 [pool-3-thread-49] INFO  org.jsmart.zerocode.jupiter.load.JupiterLoadProcessor - 
###JUnit5: Test Failed Due To --> no such element: Unable to locate element: {"method":"css selector","selector":"#registrationForm\:userName"}
  (Session info: chrome-headless-shell=120.0.6099.234)
For documentation on this error, please visit: https://www.selenium.dev/documentation/webdriver/troubleshooting/errors#no-such-element-exception
Build info: version: '4.15.0', revision: '1d14b5521b'
System info: os.name: 'Mac OS X', os.arch: 'aarch64', os.version: '14.0', java.version: '21.0.1'
Driver info: org.openqa.selenium.chrome.ChromeDriver
Command: [bbad4d8c6ca2fde267fe0a7c39680b0b, findElement {using=id, value=registrationForm:userName}]
Capabilities {acceptInsecureCerts: false, browserName: chrome-headless-shell, browserVersion: 120.0.6099.234, chrome: {chromedriverVersion: 120.0.6099.109 (3419140ab66..., userDataDir: /var/folders/bs/6td37l9103z...}, fedcm:accounts: true, goog:chromeOptions: {debuggerAddress: localhost:52983}, networkConnectionEnabled: false, pageLoadStrategy: normal, platformName: mac, proxy: Proxy(), se:cdp: ws://localhost:52983/devtoo..., se:cdpVersion: 120.0.6099.234, setWindowRect: true, strictFileInteractability: false, timeouts: {implicit: 0, pageLoad: 300000, script: 30000}, unhandledPromptBehavior: dismiss and notify, webauthn:extension:credBlob: true, webauthn:extension:largeBlob: true, webauthn:extension:minPinLength: true, webauthn:extension:prf: true, webauthn:virtualAuthenticators: true}
Session ID: bbad4d8c6ca2fde267fe0a7c39680b0b, 
testIdentifier=TestIdentifier [uniqueId = [engine:junit-jupiter]/[class:de.ssherlock.system_tests.ui.facelets.RegistrationUITest]/[method:testRegistrationValidators()], parentId = [engine:junit-jupiter]/[class:de.ssherlock.system_tests.ui.facelets.RegistrationUITest], displayName = 'testRegistrationValidators()', legacyReportingName = 'testRegistrationValidators()', source = MethodSource [className = 'de.ssherlock.system_tests.ui.facelets.RegistrationUITest', methodName = 'testRegistrationValidators', methodParameterTypes = ''], tags = [], type = TEST]
2024-01-25 19:24:15,874 [pool-3-thread-47] INFO  org.jsmart.zerocode.jupiter.load.JupiterLoadProcessor - 
----------------------------------------------------------------------

2024-01-25 19:24:15,874 [pool-3-thread-43] INFO  org.jsmart.zerocode.jupiter.load.JupiterLoadProcessor - 
----------------------------------------------------------------------

2024-01-25 19:24:15,875 [pool-3-thread-47] INFO  org.jsmart.zerocode.jupiter.load.JupiterLoadProcessor - 
----------------------------------------------------------------------

2024-01-25 19:24:15,874 [pool-3-thread-46] INFO  org.jsmart.zerocode.jupiter.load.JupiterLoadProcessor - 
###JUnit5: Test Failed Due To --> no such element: Unable to locate element: {"method":"css selector","selector":"#registrationForm\:userName"}
  (Session info: chrome-headless-shell=120.0.6099.234)
For documentation on this error, please visit: https://www.selenium.dev/documentation/webdriver/troubleshooting/errors#no-such-element-exception
Build info: version: '4.15.0', revision: '1d14b5521b'
System info: os.name: 'Mac OS X', os.arch: 'aarch64', os.version: '14.0', java.version: '21.0.1'
Driver info: org.openqa.selenium.chrome.ChromeDriver
Command: [6396c35f24fef6bcf1bd210c279a03a3, findElement {using=id, value=registrationForm:userName}]
Capabilities {acceptInsecureCerts: false, browserName: chrome-headless-shell, browserVersion: 120.0.6099.234, chrome: {chromedriverVersion: 120.0.6099.109 (3419140ab66..., userDataDir: /var/folders/bs/6td37l9103z...}, fedcm:accounts: true, goog:chromeOptions: {debuggerAddress: localhost:52982}, networkConnectionEnabled: false, pageLoadStrategy: normal, platformName: mac, proxy: Proxy(), se:cdp: ws://localhost:52982/devtoo..., se:cdpVersion: 120.0.6099.234, setWindowRect: true, strictFileInteractability: false, timeouts: {implicit: 0, pageLoad: 300000, script: 30000}, unhandledPromptBehavior: dismiss and notify, webauthn:extension:credBlob: true, webauthn:extension:largeBlob: true, webauthn:extension:minPinLength: true, webauthn:extension:prf: true, webauthn:virtualAuthenticators: true}
Session ID: 6396c35f24fef6bcf1bd210c279a03a3, 
testIdentifier=TestIdentifier [uniqueId = [engine:junit-jupiter]/[class:de.ssherlock.system_tests.ui.facelets.RegistrationUITest]/[method:testRegistrationValidators()], parentId = [engine:junit-jupiter]/[class:de.ssherlock.system_tests.ui.facelets.RegistrationUITest], displayName = 'testRegistrationValidators()', legacyReportingName = 'testRegistrationValidators()', source = MethodSource [className = 'de.ssherlock.system_tests.ui.facelets.RegistrationUITest', methodName = 'testRegistrationValidators', methodParameterTypes = ''], tags = [], type = TEST]
2024-01-25 19:24:15,875 [pool-3-thread-47] INFO  org.jsmart.zerocode.jupiter.load.JupiterLoadProcessor - 
###JUnit5: Test Failed Due To --> Connection to localhost:5432 refused. Check that the hostname and port are correct and that the postmaster is accepting TCP/IP connections., 
testIdentifier=TestIdentifier [uniqueId = [engine:junit-jupiter]/[class:de.ssherlock.system_tests.ui.facelets.RegistrationUITest], parentId = [engine:junit-jupiter], displayName = 'RegistrationUITest', legacyReportingName = 'de.ssherlock.system_tests.ui.facelets.RegistrationUITest', source = ClassSource [className = 'de.ssherlock.system_tests.ui.facelets.RegistrationUITest', filePosition = null], tags = [], type = CONTAINER]
2024-01-25 19:24:15,874 [pool-3-thread-31] INFO  org.jsmart.zerocode.jupiter.load.JupiterLoadProcessor - 
----------------------------------------------------------------------

2024-01-25 19:24:15,874 [pool-3-thread-29] INFO  org.jsmart.zerocode.jupiter.load.JupiterLoadProcessor - 
----------------------------------------------------------------------

2024-01-25 19:24:15,874 [pool-3-thread-12] INFO  org.jsmart.zerocode.jupiter.load.JupiterLoadProcessor - 
----------------------------------------------------------------------

2024-01-25 19:24:15,875 [pool-3-thread-29] INFO  org.jsmart.zerocode.jupiter.load.JupiterLoadProcessor - 
----------------------------------------------------------------------

2024-01-25 19:24:15,875 [pool-3-thread-31] INFO  org.jsmart.zerocode.jupiter.load.JupiterLoadProcessor - 
----------------------------------------------------------------------

2024-01-25 19:24:15,875 [pool-3-thread-47] INFO  org.jsmart.zerocode.jupiter.load.JupiterLoadProcessor - 
----------------------------------------------------------------------

2024-01-25 19:24:15,875 [pool-3-thread-46] INFO  org.jsmart.zerocode.jupiter.load.JupiterLoadProcessor - 
----------------------------------------------------------------------

2024-01-25 19:24:15,875 [pool-3-thread-31] INFO  org.jsmart.zerocode.jupiter.load.JupiterLoadProcessor - 
###JUnit5: Test Failed Due To --> Connection to localhost:5432 refused. Check that the hostname and port are correct and that the postmaster is accepting TCP/IP connections., 
testIdentifier=TestIdentifier [uniqueId = [engine:junit-jupiter]/[class:de.ssherlock.system_tests.ui.facelets.RegistrationUITest], parentId = [engine:junit-jupiter], displayName = 'RegistrationUITest', legacyReportingName = 'de.ssherlock.system_tests.ui.facelets.RegistrationUITest', source = ClassSource [className = 'de.ssherlock.system_tests.ui.facelets.RegistrationUITest', filePosition = null], tags = [], type = CONTAINER]
2024-01-25 19:24:15,875 [pool-3-thread-43] INFO  org.jsmart.zerocode.jupiter.load.JupiterLoadProcessor - 
----------------------------------------------------------------------

2024-01-25 19:24:15,875 [pool-3-thread-49] INFO  org.jsmart.zerocode.jupiter.load.JupiterLoadProcessor - 
----------------------------------------------------------------------

2024-01-25 19:24:15,875 [pool-3-thread-8] INFO  org.jsmart.zerocode.jupiter.load.JupiterLoadProcessor - 
----------------------------------------------------------------------

2024-01-25 19:24:15,876 [pool-3-thread-49] INFO  org.jsmart.zerocode.jupiter.load.JupiterLoadProcessor - 
----------------------------------------------------------------------

2024-01-25 19:24:15,876 [pool-3-thread-43] INFO  org.jsmart.zerocode.jupiter.load.JupiterLoadProcessor - 
###JUnit5: Test Failed Due To --> Connection to localhost:5432 refused. Check that the hostname and port are correct and that the postmaster is accepting TCP/IP connections., 
testIdentifier=TestIdentifier [uniqueId = [engine:junit-jupiter]/[class:de.ssherlock.system_tests.ui.facelets.RegistrationUITest], parentId = [engine:junit-jupiter], displayName = 'RegistrationUITest', legacyReportingName = 'de.ssherlock.system_tests.ui.facelets.RegistrationUITest', source = ClassSource [className = 'de.ssherlock.system_tests.ui.facelets.RegistrationUITest', filePosition = null], tags = [], type = CONTAINER]
2024-01-25 19:24:15,876 [pool-3-thread-31] INFO  org.jsmart.zerocode.jupiter.load.JupiterLoadProcessor - 
----------------------------------------------------------------------

2024-01-25 19:24:15,876 [pool-3-thread-46] INFO  org.jsmart.zerocode.jupiter.load.JupiterLoadProcessor - 
----------------------------------------------------------------------

2024-01-25 19:24:15,875 [pool-3-thread-29] INFO  org.jsmart.zerocode.jupiter.load.JupiterLoadProcessor - 
###JUnit5: Test Failed Due To --> Connection to localhost:5432 refused. Check that the hostname and port are correct and that the postmaster is accepting TCP/IP connections., 
testIdentifier=TestIdentifier [uniqueId = [engine:junit-jupiter]/[class:de.ssherlock.system_tests.ui.facelets.RegistrationUITest], parentId = [engine:junit-jupiter], displayName = 'RegistrationUITest', legacyReportingName = 'de.ssherlock.system_tests.ui.facelets.RegistrationUITest', source = ClassSource [className = 'de.ssherlock.system_tests.ui.facelets.RegistrationUITest', filePosition = null], tags = [], type = CONTAINER]
2024-01-25 19:24:15,876 [pool-3-thread-46] INFO  org.jsmart.zerocode.jupiter.load.JupiterLoadProcessor - 
###JUnit5: Test Failed Due To --> Connection to localhost:5432 refused. Check that the hostname and port are correct and that the postmaster is accepting TCP/IP connections., 
testIdentifier=TestIdentifier [uniqueId = [engine:junit-jupiter]/[class:de.ssherlock.system_tests.ui.facelets.RegistrationUITest], parentId = [engine:junit-jupiter], displayName = 'RegistrationUITest', legacyReportingName = 'de.ssherlock.system_tests.ui.facelets.RegistrationUITest', source = ClassSource [className = 'de.ssherlock.system_tests.ui.facelets.RegistrationUITest', filePosition = null], tags = [], type = CONTAINER]
2024-01-25 19:24:15,875 [pool-3-thread-12] INFO  org.jsmart.zerocode.jupiter.load.JupiterLoadProcessor - 
###JUnit5: Test Failed Due To --> no such element: Unable to locate element: {"method":"css selector","selector":"#registrationForm\:userName"}
  (Session info: chrome-headless-shell=120.0.6099.234)
For documentation on this error, please visit: https://www.selenium.dev/documentation/webdriver/troubleshooting/errors#no-such-element-exception
Build info: version: '4.15.0', revision: '1d14b5521b'
System info: os.name: 'Mac OS X', os.arch: 'aarch64', os.version: '14.0', java.version: '21.0.1'
Driver info: org.openqa.selenium.chrome.ChromeDriver
Command: [e6fa7b5bb9c23f34a051a0071cc6be19, findElement {using=id, value=registrationForm:userName}]
Capabilities {acceptInsecureCerts: false, browserName: chrome-headless-shell, browserVersion: 120.0.6099.234, chrome: {chromedriverVersion: 120.0.6099.109 (3419140ab66..., userDataDir: /var/folders/bs/6td37l9103z...}, fedcm:accounts: true, goog:chromeOptions: {debuggerAddress: localhost:52984}, networkConnectionEnabled: false, pageLoadStrategy: normal, platformName: mac, proxy: Proxy(), se:cdp: ws://localhost:52984/devtoo..., se:cdpVersion: 120.0.6099.234, setWindowRect: true, strictFileInteractability: false, timeouts: {implicit: 0, pageLoad: 300000, script: 30000}, unhandledPromptBehavior: dismiss and notify, webauthn:extension:credBlob: true, webauthn:extension:largeBlob: true, webauthn:extension:minPinLength: true, webauthn:extension:prf: true, webauthn:virtualAuthenticators: true}
Session ID: e6fa7b5bb9c23f34a051a0071cc6be19, 
testIdentifier=TestIdentifier [uniqueId = [engine:junit-jupiter]/[class:de.ssherlock.system_tests.ui.facelets.RegistrationUITest]/[method:testRegistrationValidators()], parentId = [engine:junit-jupiter]/[class:de.ssherlock.system_tests.ui.facelets.RegistrationUITest], displayName = 'testRegistrationValidators()', legacyReportingName = 'testRegistrationValidators()', source = MethodSource [className = 'de.ssherlock.system_tests.ui.facelets.RegistrationUITest', methodName = 'testRegistrationValidators', methodParameterTypes = ''], tags = [], type = TEST]
2024-01-25 19:24:15,876 [pool-3-thread-12] INFO  org.jsmart.zerocode.jupiter.load.JupiterLoadProcessor - 
----------------------------------------------------------------------

2024-01-25 19:24:15,876 [pool-3-thread-46] INFO  org.jsmart.zerocode.jupiter.load.JupiterLoadProcessor - 
----------------------------------------------------------------------

2024-01-25 19:24:15,876 [pool-3-thread-29] INFO  org.jsmart.zerocode.jupiter.load.JupiterLoadProcessor - 
----------------------------------------------------------------------

2024-01-25 19:24:15,876 [pool-3-thread-43] INFO  org.jsmart.zerocode.jupiter.load.JupiterLoadProcessor - 
----------------------------------------------------------------------

2024-01-25 19:24:15,876 [pool-3-thread-49] INFO  org.jsmart.zerocode.jupiter.load.JupiterLoadProcessor - 
###JUnit5: Test Failed Due To --> Connection to localhost:5432 refused. Check that the hostname and port are correct and that the postmaster is accepting TCP/IP connections., 
testIdentifier=TestIdentifier [uniqueId = [engine:junit-jupiter]/[class:de.ssherlock.system_tests.ui.facelets.RegistrationUITest], parentId = [engine:junit-jupiter], displayName = 'RegistrationUITest', legacyReportingName = 'de.ssherlock.system_tests.ui.facelets.RegistrationUITest', source = ClassSource [className = 'de.ssherlock.system_tests.ui.facelets.RegistrationUITest', filePosition = null], tags = [], type = CONTAINER]
2024-01-25 19:24:15,876 [pool-3-thread-8] INFO  org.jsmart.zerocode.jupiter.load.JupiterLoadProcessor - 
###JUnit5: Test Failed Due To --> Connection to localhost:5432 refused. Check that the hostname and port are correct and that the postmaster is accepting TCP/IP connections., 
testIdentifier=TestIdentifier [uniqueId = [engine:junit-jupiter]/[class:de.ssherlock.system_tests.ui.facelets.RegistrationUITest], parentId = [engine:junit-jupiter], displayName = 'RegistrationUITest', legacyReportingName = 'de.ssherlock.system_tests.ui.facelets.RegistrationUITest', source = ClassSource [className = 'de.ssherlock.system_tests.ui.facelets.RegistrationUITest', filePosition = null], tags = [], type = CONTAINER]
2024-01-25 19:24:15,877 [pool-3-thread-49] INFO  org.jsmart.zerocode.jupiter.load.JupiterLoadProcessor - 
----------------------------------------------------------------------

2024-01-25 19:24:15,876 [pool-3-thread-12] INFO  org.jsmart.zerocode.jupiter.load.JupiterLoadProcessor - 
----------------------------------------------------------------------

2024-01-25 19:24:15,877 [pool-3-thread-8] INFO  org.jsmart.zerocode.jupiter.load.JupiterLoadProcessor - 
----------------------------------------------------------------------

2024-01-25 19:24:15,877 [pool-3-thread-12] INFO  org.jsmart.zerocode.jupiter.load.JupiterLoadProcessor - 
###JUnit5: Test Failed Due To --> Connection to localhost:5432 refused. Check that the hostname and port are correct and that the postmaster is accepting TCP/IP connections., 
testIdentifier=TestIdentifier [uniqueId = [engine:junit-jupiter]/[class:de.ssherlock.system_tests.ui.facelets.RegistrationUITest], parentId = [engine:junit-jupiter], displayName = 'RegistrationUITest', legacyReportingName = 'de.ssherlock.system_tests.ui.facelets.RegistrationUITest', source = ClassSource [className = 'de.ssherlock.system_tests.ui.facelets.RegistrationUITest', filePosition = null], tags = [], type = CONTAINER]
2024-01-25 19:24:15,877 [pool-3-thread-12] INFO  org.jsmart.zerocode.jupiter.load.JupiterLoadProcessor - 
----------------------------------------------------------------------

2024-01-25 19:24:15,877 [main] WARN  org.jsmart.zerocode.parallel.ExecutorServiceRunner - ** Completed executing all virtual-user scenarios! **
2024-01-25 19:24:15,877 [main] WARN  org.jsmart.zerocode.core.runner.parallel.LoadProcessor - 
-----------------------------------------------------------------------------------------------------------
==>> Completed this load-run!
==>> Number of load tests ran : 250
==>> View the detailed performance results in the 'target/zerocode-junit-granular-report.csv' folder.
-----------------------------------------------------------------------------------------------------------


2024-01-25 19:24:15,996 [main] ERROR org.jsmart.zerocode.jupiter.extension.ParallelLoadExtension - 
de.ssherlock.load_tests.MainLoadTest with load/stress test(s): public void de.ssherlock.load_tests.MainLoadTest.load() have Failed. 
👇
a) See the 'target/' for granular 'csv report' for pass/fail/response-delay statistics.😎
-Also- 
b) See the 'target/logs' for individual failures by their correlation-ID.


]]></system-out>
    <system-err><![CDATA[Jan. 25, 2024 7:24:15 PM org.openqa.selenium.devtools.CdpVersionFinder findNearestMatch
WARNUNG: Unable to find an exact match for CDP version 120, returning the closest version; found: 119; Please update to a Selenium version that supports CDP version 120
Jan. 25, 2024 7:24:15 PM org.openqa.selenium.devtools.CdpVersionFinder findNearestMatch
WARNUNG: Unable to find an exact match for CDP version 120, returning the closest version; found: 119; Please update to a Selenium version that supports CDP version 120
Jan. 25, 2024 7:24:15 PM org.openqa.selenium.devtools.CdpVersionFinder findNearestMatch
WARNUNG: Unable to find an exact match for CDP version 120, returning the closest version; found: 119; Please update to a Selenium version that supports CDP version 120
Jan. 25, 2024 7:24:15 PM org.openqa.selenium.devtools.CdpVersionFinder findNearestMatch
WARNUNG: Unable to find an exact match for CDP version 120, returning the closest version; found: 119; Please update to a Selenium version that supports CDP version 120
Jan. 25, 2024 7:24:15 PM org.openqa.selenium.devtools.CdpVersionFinder findNearestMatch
WARNUNG: Unable to find an exact match for CDP version 120, returning the closest version; found: 119; Please update to a Selenium version that supports CDP version 120
Jan. 25, 2024 7:24:15 PM org.openqa.selenium.devtools.CdpVersionFinder findNearestMatch
WARNUNG: Unable to find an exact match for CDP version 120, returning the closest version; found: 119; Please update to a Selenium version that supports CDP version 120
Jan. 25, 2024 7:24:15 PM org.openqa.selenium.devtools.CdpVersionFinder findNearestMatch
WARNUNG: Unable to find an exact match for CDP version 120, returning the closest version; found: 119; Please update to a Selenium version that supports CDP version 120
Jan. 25, 2024 7:24:15 PM org.openqa.selenium.devtools.CdpVersionFinder findNearestMatch
WARNUNG: Unable to find an exact match for CDP version 120, returning the closest version; found: 119; Please update to a Selenium version that supports CDP version 120
]]></system-err>
  </testcase>
</testsuite>