<?xml version="1.0" encoding="UTF-8"?>
<testsuite xmlns:xsi="http://www.w3.org/2001/XMLSchema-instance" xsi:noNamespaceSchemaLocation="https://maven.apache.org/surefire/maven-surefire-plugin/xsd/surefire-test-report-3.0.xsd" version="3.0" name="de.ssherlock.system_tests.ui.facelets.TestateUITest" time="0.0" tests="4" errors="0" skipped="4" failures="0">
  <properties>
[...]
</properties>
  <testcase name="testSubmitTestate" classname="de.ssherlock.system_tests.ui.facelets.TestateUITest" time="0.0">
    <skipped message="class de.ssherlock.system_tests.ui.facelets.TestateUITest is @Disabled"/>
  </testcase>
  <testcase name="testCommentValidators" classname="de.ssherlock.system_tests.ui.facelets.TestateUITest" time="0.0">
    <skipped message="class de.ssherlock.system_tests.ui.facelets.TestateUITest is @Disabled"/>
  </testcase>
  <testcase name="testGradeValidators" classname="de.ssherlock.system_tests.ui.facelets.TestateUITest" time="0.0">
    <skipped message="class de.ssherlock.system_tests.ui.facelets.TestateUITest is @Disabled"/>
  </testcase>
  <testcase name="testDownloadCode" classname="de.ssherlock.system_tests.ui.facelets.TestateUITest" time="0.0">
    <skipped message="class de.ssherlock.system_tests.ui.facelets.TestateUITest is @Disabled"/>
  </testcase>
</testsuite>